# Preference setting overrides
gui_create_pref_key -category {Globals} -key {load_detail_for_funcov} -value_type {bool} -value {false}

# State setting overrides
gui_state_default_create -off -ini
gui_set_state_value -category Globals -key recent_databases -value {{gui_open_db -file vcdplus.vpd} {gui_open_db -file /proj/bobcata_ver_user/vjs/user/uvm/vcdplus.vpd -design V1} {gui_open_db -file /proj/bobcata_ver_user/vjs/user/uvm_training/ces_uvm-1.1_2011.12/labs/lab4/vcdplus.vpd -design V1} {gui_open_db -file vcdplus.vpd -design V1}}
gui_set_state_value -category Globals -key recent_sessions -value {{gui_load_session -file /proj/bobcata_ver_user/vjs/user/trimac_coregen/v5_emac_v1_8/simulation/functional/vcs_session.tcl}}
gui_set_state_value -category Layout -key child_console_size_x -value 1522
gui_set_state_value -category Layout -key child_console_size_y -value 163
gui_set_state_value -category Layout -key child_data_coltype -value 87
gui_set_state_value -category Layout -key child_data_colvalue -value 70
gui_set_state_value -category Layout -key child_data_colvariable -value 147
gui_set_state_value -category Layout -key child_data_size_x -value 189
gui_set_state_value -category Layout -key child_data_size_y -value 624
gui_set_state_value -category Layout -key child_hier_col3 -value {-1}
gui_set_state_value -category Layout -key child_hier_colpd -value 0
gui_set_state_value -category Layout -key child_hier_size_y -value 624
gui_set_state_value -category Layout -key child_source_docknewline -value false
gui_set_state_value -category Layout -key child_source_pos_x -value {-2}
gui_set_state_value -category Layout -key child_source_pos_y -value {-15}
gui_set_state_value -category Layout -key child_source_size_x -value 1161
gui_set_state_value -category Layout -key child_source_size_y -value 619
gui_set_state_value -category Layout -key child_transaction_col_caller -value 72
gui_set_state_value -category Layout -key child_transaction_col_expand -value 16
gui_set_state_value -category Layout -key child_transaction_col_message -value 281
gui_set_state_value -category Layout -key child_transaction_col_name -value 112
gui_set_state_value -category Layout -key child_transaction_col_relation -value 59
gui_set_state_value -category Layout -key child_transaction_col_scope -value 177
gui_set_state_value -category Layout -key child_transaction_col_severity -value 60
gui_set_state_value -category Layout -key child_transaction_col_target -value 50
gui_set_state_value -category Layout -key child_transaction_col_time -value 93
gui_set_state_value -category Layout -key child_transaction_col_type -value 122
gui_set_state_value -category Layout -key child_transaction_size_x -value 1203
gui_set_state_value -category Layout -key child_transaction_size_y -value 203
gui_set_state_value -category Layout -key child_wave_colname -value 267
gui_set_state_value -category Layout -key child_wave_colvalue -value 263
gui_set_state_value -category Layout -key child_wave_left -value 535
gui_set_state_value -category Layout -key child_wave_right -value 1301
gui_set_state_value -category Layout -key main_pos_y -value 22
gui_set_state_value -category Layout -key main_size_x -value 1527
gui_set_state_value -category Layout -key main_size_y -value 916
gui_set_state_value -category Layout -key stand_wave_child_colvalue -value 119
gui_set_state_value -category Layout -key stand_wave_child_docknewline -value false
gui_set_state_value -category Layout -key stand_wave_child_pos_x -value {-2}
gui_set_state_value -category Layout -key stand_wave_child_pos_y -value {-15}
gui_set_state_value -category Layout -key stand_wave_child_right -value 598
gui_set_state_value -category Layout -key stand_wave_child_size_x -value 1846
gui_set_state_value -category Layout -key stand_wave_child_size_y -value 582
gui_set_state_value -category Layout -key stand_wave_top_pos_x -value 5
gui_set_state_value -category Layout -key stand_wave_top_pos_y -value 22
gui_set_state_value -category Layout -key stand_wave_top_size_x -value 1846
gui_set_state_value -category Layout -key stand_wave_top_size_y -value 716
gui_create_state_key -category FindDialog -key m_pMatchCase -value_type bool -value false
gui_create_state_key -category FindDialog -key m_pMatchWord -value_type bool -value false
gui_create_state_key -category FindDialog -key m_pUseCombo -value_type string -value {}
gui_create_state_key -category FindDialog -key m_pWrapAround -value_type bool -value true
gui_state_default_create -off

# Begin command logging
gui_open_db   -file  vcdplus.vpd
gui_list_expand -id  Hier.1   top
gui_list_select -id Hier.1 -current_item_name top.dut -current_item_type Scope  -selected  { top.dut   }
gui_open_window Wave
gui_list_add -id Wave.1 -from Hier.1 { top.dut } -insertionbar
gui_wv_zoom_timerange -id  Wave.1 0 473
gui_marker_move -id  Wave.1 C1 152
gui_marker_move -id  Wave.1 C1 320
gui_marker_move -id  Wave.1 C1 153
#gui_exit

