#! /usr/local/bin/vvp
:vpi_time_precision + 0;
:vpi_module "system";
S_0xbb6378 .scope module, "tb" "tb";
 .timescale 0;
V_$0xbd6ad8 .var "clk", 0, 0;
V_$0xbd6b38 .var "din", 31, 0;
V_$0xbd7018 .var "din_v", 0, 0;
V_$0xbd7068 .net "dout", 31, 0, V_$0xbd56c0[0], V_$0xbd56c0[1], V_$0xbd56c0[2], V_$0xbd56c0[3], V_$0xbd56c0[4], V_$0xbd56c0[5], V_$0xbd56c0[6], V_$0xbd56c0[7], V_$0xbd56c0[8], V_$0xbd56c0[9], V_$0xbd56c0[10], V_$0xbd56c0[11], V_$0xbd56c0[12], V_$0xbd56c0[13], V_$0xbd56c0[14], V_$0xbd56c0[15], V_$0xbd56c0[16], V_$0xbd56c0[17], V_$0xbd56c0[18], V_$0xbd56c0[19], V_$0xbd56c0[20], V_$0xbd56c0[21], V_$0xbd56c0[22], V_$0xbd56c0[23], V_$0xbd56c0[24], V_$0xbd56c0[25], V_$0xbd56c0[26], V_$0xbd56c0[27], V_$0xbd56c0[28], V_$0xbd56c0[29], V_$0xbd56c0[30], V_$0xbd56c0[31];
V_$0xbd7538 .net "dout_v", 0, 0, V_$0xbd5ef0[0];
V_$0xbd7588 .net "i_rdy", 0, 0, C<1>;
V_$0xbd75f8 .var "rst", 0, 0;
V_$0xbd7648 .var "wr_addr", 2, 0;
E_0xbc3f10 .event negedge, V_$0xbd6ad8[0];
S_0xbbaad0 .scope module, "dut" "completion_buffer", S_0xbb6378;
 .timescale 0;
V_$0xbc3ee0 .net "clk", 0, 0, V_$0xbd6ad8[0];
V_$0xbc0d40 .net "din", 31, 0, V_$0xbd6b38[0], V_$0xbd6b38[1], V_$0xbd6b38[2], V_$0xbd6b38[3], V_$0xbd6b38[4], V_$0xbd6b38[5], V_$0xbd6b38[6], V_$0xbd6b38[7], V_$0xbd6b38[8], V_$0xbd6b38[9], V_$0xbd6b38[10], V_$0xbd6b38[11], V_$0xbd6b38[12], V_$0xbd6b38[13], V_$0xbd6b38[14], V_$0xbd6b38[15], V_$0xbd6b38[16], V_$0xbd6b38[17], V_$0xbd6b38[18], V_$0xbd6b38[19], V_$0xbd6b38[20], V_$0xbd6b38[21], V_$0xbd6b38[22], V_$0xbd6b38[23], V_$0xbd6b38[24], V_$0xbd6b38[25], V_$0xbd6b38[26], V_$0xbd6b38[27], V_$0xbd6b38[28], V_$0xbd6b38[29], V_$0xbd6b38[30], V_$0xbd6b38[31];
V_$0xbc06b0 .net "din_v", 0, 0, V_$0xbd7018[0];
V_$0xbc0718 .net "dout", 31, 0, V_$0xbd56c0[0], V_$0xbd56c0[1], V_$0xbd56c0[2], V_$0xbd56c0[3], V_$0xbd56c0[4], V_$0xbd56c0[5], V_$0xbd56c0[6], V_$0xbd56c0[7], V_$0xbd56c0[8], V_$0xbd56c0[9], V_$0xbd56c0[10], V_$0xbd56c0[11], V_$0xbd56c0[12], V_$0xbd56c0[13], V_$0xbd56c0[14], V_$0xbd56c0[15], V_$0xbd56c0[16], V_$0xbd56c0[17], V_$0xbd56c0[18], V_$0xbd56c0[19], V_$0xbd56c0[20], V_$0xbd56c0[21], V_$0xbd56c0[22], V_$0xbd56c0[23], V_$0xbd56c0[24], V_$0xbd56c0[25], V_$0xbd56c0[26], V_$0xbd56c0[27], V_$0xbd56c0[28], V_$0xbd56c0[29], V_$0xbd56c0[30], V_$0xbd56c0[31];
V_$0xbd56c0 .var "dout_rc", 31, 0;
V_$0xbd5e80 .net "dout_v", 0, 0, V_$0xbd5ef0[0];
V_$0xbd5ef0 .var "dout_v_rc", 0, 0;
V_$0xbd5f58 .var "dout_v_wc", 0, 0;
V_$0xbd5fd8 .var "entry_cnt_rc", 2, 0;
V_$0xbd60c8 .var "entry_cnt_wc", 2, 0;
V_$0xbd61d0 .net "i_rdy", 0, 0, C<1>;
V_$0xbd6238 .var "rd_happened", 0, 0;
V_$0xbd60f8 .var "rd_ptr_rc", 3, 0;
V_$0xbd63f0 .var "rd_ptr_wc", 3, 0;
V_$0xbd6548 .net "rst", 0, 0, V_$0xbd75f8[0];
V_$0xbd65b0 .var "vbit_rc", 0, 0;
V_$0xbd6430 .net "wr_addr", 2, 0, V_$0xbd7648[0], V_$0xbd7648[1], V_$0xbd7648[2];
V_$0xbd6708 .var "wr_cnt_rc", 3, 0;
V_$0xbd6868 .var "wr_cnt_wc", 3, 0;
V_$0xbd69b0 .net "log2size", 2, 0, C<1>, C<1>, C<0>;
E_0xbc54b8/0 .event edge, V_$0xbd65b0[0], V_$0xbd60f8[0], V_$0xbd60f8[1], V_$0xbd60f8[2];
E_0xbc54b8/1 .event edge, V_$0xbd60f8[3], C<1>, C<1>, C<0>;
E_0xbc54b8 .event/or E_0xbc54b8/0, E_0xbc54b8/1;
E_0xbc2e40 .event posedge, V_$0xbd6ad8[0];
E_0xbc2e60/0 .event edge, V_$0xbd6708[0], V_$0xbd6708[1], V_$0xbd6708[2], V_$0xbd6708[3];
E_0xbc2e60/1 .event edge, V_$0xbd5fd8[0], V_$0xbd5fd8[1], V_$0xbd5fd8[2], V_$0xbd5ef0[0];
E_0xbc2e60/2 .event edge, V_$0xbd7018[0];
E_0xbc2e60 .event/or E_0xbc2e60/0, E_0xbc2e60/1, E_0xbc2e60/2;
M_$0xbd6aa8 .mem "mem", 32,0, 0,7;
    .scope S_0xbbaad0;
T_0 ;
    %wait E_0xbc2e40;
    %load  8, V_$0xbd6548[0];
    %jmp/0xz  T_0.0, 8;
    %ix/load 0, 3;
    %assign/v0 V_$0xbd5fd8[0], 0, 0;
    %ix/load 0, 4;
    %assign/v0 V_$0xbd6708[0], 0, 0;
    %ix/load 0, 4;
    %assign/v0 V_$0xbd60f8[0], 0, 0;
    %jmp T_0.1;
T_0.0 ;
    %load/v 8, V_$0xbd60c8[0], 3;
    %ix/load 0, 3;
    %assign/v0 V_$0xbd5fd8[0], 0, 8;
    %load/v 8, V_$0xbd6868[0], 4;
    %ix/load 0, 4;
    %assign/v0 V_$0xbd6708[0], 0, 8;
    %load/v 8, V_$0xbd63f0[0], 4;
    %ix/load 0, 4;
    %assign/v0 V_$0xbd60f8[0], 0, 8;
    %load/v 8, V_$0xbd5f58[0], 1;
    %assign V_$0xbd5ef0[0], 0, 8;
T_0.1 ;
    %jmp T_0;
    .thread T_0;
    .scope S_0xbbaad0;
T_1 ;
    %wait E_0xbc2e60;
    %load/v 8, V_$0xbd5fd8[0], 3;
    %set/v V_$0xbd60c8[0], 8, 3;
    %load/v 8, V_$0xbd6708[0], 4;
    %set/v V_$0xbd6868[0], 8, 4;
    %load  8, V_$0xbc06b0[0];
    %jmp/0xz  T_1.0, 8;
    %load/v 8, V_$0xbd6708[0], 4;
    %addi 8, 1, 4;
    %set/v V_$0xbd6868[0], 8, 4;
T_1.0 ;
    %load  8, V_$0xbc06b0[0];
    %load  9, V_$0xbd5e80[0];
    %cmpi/u 8, 1, 2;
    %jmp/1 T_1.2, 6;
    %cmpi/u 8, 2, 2;
    %jmp/1 T_1.3, 6;
    %jmp T_1.4;
T_1.2 ;
    %load/v 8, V_$0xbd5fd8[0], 3;
    %addi 8, 1, 3;
    %set/v V_$0xbd60c8[0], 8, 3;
    %jmp T_1.4;
T_1.3 ;
    %load/v 8, V_$0xbd5fd8[0], 3;
    %subi 8, 1, 3;
    %set/v V_$0xbd60c8[0], 8, 3;
    %jmp T_1.4;
T_1.4 ;
    %jmp T_1;
    .thread T_1, $push;
    .scope S_0xbbaad0;
T_2 ;
    %wait E_0xbc2e40;
    %load  8, V_$0xbc06b0[0];
    %load  9, V_$0xbd6548[0];
    %inv 9, 1;
   %and 8, 9, 1;
    %jmp/0xz  T_2.0, 8;
    %load  8, V_$0xbc0d40[0];
    %load  9, V_$0xbc0d40[1];
    %load  10, V_$0xbc0d40[2];
    %load  11, V_$0xbc0d40[3];
    %load  12, V_$0xbc0d40[4];
    %load  13, V_$0xbc0d40[5];
    %load  14, V_$0xbc0d40[6];
    %load  15, V_$0xbc0d40[7];
    %load  16, V_$0xbc0d40[8];
    %load  17, V_$0xbc0d40[9];
    %load  18, V_$0xbc0d40[10];
    %load  19, V_$0xbc0d40[11];
    %load  20, V_$0xbc0d40[12];
    %load  21, V_$0xbc0d40[13];
    %load  22, V_$0xbc0d40[14];
    %load  23, V_$0xbc0d40[15];
    %load  24, V_$0xbc0d40[16];
    %load  25, V_$0xbc0d40[17];
    %load  26, V_$0xbc0d40[18];
    %load  27, V_$0xbc0d40[19];
    %load  28, V_$0xbc0d40[20];
    %load  29, V_$0xbc0d40[21];
    %load  30, V_$0xbc0d40[22];
    %load  31, V_$0xbc0d40[23];
    %load  32, V_$0xbc0d40[24];
    %load  33, V_$0xbc0d40[25];
    %load  34, V_$0xbc0d40[26];
    %load  35, V_$0xbc0d40[27];
    %load  36, V_$0xbc0d40[28];
    %load  37, V_$0xbc0d40[29];
    %load  38, V_$0xbc0d40[30];
    %load  39, V_$0xbc0d40[31];
    %load/v 41, V_$0xbd6708[3], 1;
    %inv 41, 1;
    %mov 40, 41, 1;
    %load  41, V_$0xbd6430[0];
    %load  42, V_$0xbd6430[1];
    %load  43, V_$0xbd6430[2];
    %ix/get 3, 41, 3;
    %ix/mul 3, 36;
    %jmp/1 t_12, 4;
    %assign/m M_$0xbd6aa8, 0, 8;
    %ix/add 3, 1;
    %assign/m M_$0xbd6aa8, 0, 9;
    %ix/add 3, 1;
    %assign/m M_$0xbd6aa8, 0, 10;
    %ix/add 3, 1;
    %assign/m M_$0xbd6aa8, 0, 11;
    %ix/add 3, 1;
    %assign/m M_$0xbd6aa8, 0, 12;
    %ix/add 3, 1;
    %assign/m M_$0xbd6aa8, 0, 13;
    %ix/add 3, 1;
    %assign/m M_$0xbd6aa8, 0, 14;
    %ix/add 3, 1;
    %assign/m M_$0xbd6aa8, 0, 15;
    %ix/add 3, 1;
    %assign/m M_$0xbd6aa8, 0, 16;
    %ix/add 3, 1;
    %assign/m M_$0xbd6aa8, 0, 17;
    %ix/add 3, 1;
    %assign/m M_$0xbd6aa8, 0, 18;
    %ix/add 3, 1;
    %assign/m M_$0xbd6aa8, 0, 19;
    %ix/add 3, 1;
    %assign/m M_$0xbd6aa8, 0, 20;
    %ix/add 3, 1;
    %assign/m M_$0xbd6aa8, 0, 21;
    %ix/add 3, 1;
    %assign/m M_$0xbd6aa8, 0, 22;
    %ix/add 3, 1;
    %assign/m M_$0xbd6aa8, 0, 23;
    %ix/add 3, 1;
    %assign/m M_$0xbd6aa8, 0, 24;
    %ix/add 3, 1;
    %assign/m M_$0xbd6aa8, 0, 25;
    %ix/add 3, 1;
    %assign/m M_$0xbd6aa8, 0, 26;
    %ix/add 3, 1;
    %assign/m M_$0xbd6aa8, 0, 27;
    %ix/add 3, 1;
    %assign/m M_$0xbd6aa8, 0, 28;
    %ix/add 3, 1;
    %assign/m M_$0xbd6aa8, 0, 29;
    %ix/add 3, 1;
    %assign/m M_$0xbd6aa8, 0, 30;
    %ix/add 3, 1;
    %assign/m M_$0xbd6aa8, 0, 31;
    %ix/add 3, 1;
    %assign/m M_$0xbd6aa8, 0, 32;
    %ix/add 3, 1;
    %assign/m M_$0xbd6aa8, 0, 33;
    %ix/add 3, 1;
    %assign/m M_$0xbd6aa8, 0, 34;
    %ix/add 3, 1;
    %assign/m M_$0xbd6aa8, 0, 35;
    %ix/add 3, 1;
    %assign/m M_$0xbd6aa8, 0, 36;
    %ix/add 3, 1;
    %assign/m M_$0xbd6aa8, 0, 37;
    %ix/add 3, 1;
    %assign/m M_$0xbd6aa8, 0, 38;
    %ix/add 3, 1;
    %assign/m M_$0xbd6aa8, 0, 39;
    %ix/add 3, 1;
    %assign/m M_$0xbd6aa8, 0, 40;
t_12 ;
T_2.0 ;
    %jmp T_2;
    .thread T_2;
    .scope S_0xbbaad0;
T_3 ;
    %wait E_0xbc2e40;
    %load  8, V_$0xbd6548[0];
    %jmp/0xz  T_3.0, 8;
    %assign V_$0xbd6238[0], 0, 0;
    %jmp T_3.1;
T_3.0 ;
    %load  8, V_$0xbd6430[0];
    %load  9, V_$0xbd6430[1];
    %load  10, V_$0xbd6430[2];
    %load/v 11, V_$0xbd60f8[0], 3;
    %cmp/u 8, 11, 3;
    %inv 4, 1;
    %mov 8, 4, 1;
    %load  9, V_$0xbd6548[0];
    %inv 9, 1;
    %and 8, 9, 1;
    %jmp/0xz  T_3.2, 8;
    %load/v 8, V_$0xbd60f8[0], 3;
    %ix/get 3, 8, 3;
    %ix/mul 3, 36;
    %load/m  8, M_$0xbd6aa8;
    %ix/add 3, 1;
    %load/m  9, M_$0xbd6aa8;
    %ix/add 3, 1;
    %load/m  10, M_$0xbd6aa8;
    %ix/add 3, 1;
    %load/m  11, M_$0xbd6aa8;
    %ix/add 3, 1;
    %load/m  12, M_$0xbd6aa8;
    %ix/add 3, 1;
    %load/m  13, M_$0xbd6aa8;
    %ix/add 3, 1;
    %load/m  14, M_$0xbd6aa8;
    %ix/add 3, 1;
    %load/m  15, M_$0xbd6aa8;
    %ix/add 3, 1;
    %load/m  16, M_$0xbd6aa8;
    %ix/add 3, 1;
    %load/m  17, M_$0xbd6aa8;
    %ix/add 3, 1;
    %load/m  18, M_$0xbd6aa8;
    %ix/add 3, 1;
    %load/m  19, M_$0xbd6aa8;
    %ix/add 3, 1;
    %load/m  20, M_$0xbd6aa8;
    %ix/add 3, 1;
    %load/m  21, M_$0xbd6aa8;
    %ix/add 3, 1;
    %load/m  22, M_$0xbd6aa8;
    %ix/add 3, 1;
    %load/m  23, M_$0xbd6aa8;
    %ix/add 3, 1;
    %load/m  24, M_$0xbd6aa8;
    %ix/add 3, 1;
    %load/m  25, M_$0xbd6aa8;
    %ix/add 3, 1;
    %load/m  26, M_$0xbd6aa8;
    %ix/add 3, 1;
    %load/m  27, M_$0xbd6aa8;
    %ix/add 3, 1;
    %load/m  28, M_$0xbd6aa8;
    %ix/add 3, 1;
    %load/m  29, M_$0xbd6aa8;
    %ix/add 3, 1;
    %load/m  30, M_$0xbd6aa8;
    %ix/add 3, 1;
    %load/m  31, M_$0xbd6aa8;
    %ix/add 3, 1;
    %load/m  32, M_$0xbd6aa8;
    %ix/add 3, 1;
    %load/m  33, M_$0xbd6aa8;
    %ix/add 3, 1;
    %load/m  34, M_$0xbd6aa8;
    %ix/add 3, 1;
    %load/m  35, M_$0xbd6aa8;
    %ix/add 3, 1;
    %load/m  36, M_$0xbd6aa8;
    %ix/add 3, 1;
    %load/m  37, M_$0xbd6aa8;
    %ix/add 3, 1;
    %load/m  38, M_$0xbd6aa8;
    %ix/add 3, 1;
    %load/m  39, M_$0xbd6aa8;
    %ix/add 3, 1;
    %load/m  40, M_$0xbd6aa8;
    %ix/load 0, 32;
    %assign/v0 V_$0xbd56c0[0], 0, 8;
    %assign V_$0xbd65b0[0], 0, 40;
    %assign V_$0xbd6238[0], 0, 1;
    %jmp T_3.3;
T_3.2 ;
    %assign V_$0xbd6238[0], 0, 0;
T_3.3 ;
T_3.1 ;
    %jmp T_3;
    .thread T_3;
    .scope S_0xbbaad0;
T_4 ;
    %wait E_0xbc54b8;
    %set V_$0xbd5f58[0], 0;
    %load/v 8, V_$0xbd60f8[0], 4;
    %set/v V_$0xbd63f0[0], 8, 4;
    %load/v 8, V_$0xbd65b0[0], 1;
    %load/v 9, V_$0xbd60f8[3], 1;
    %inv 9, 1;
    %cmp/u 8, 9, 1;
    %mov 8, 4, 1;
    %load/v 9, V_$0xbd6238[0], 1;
   %and 8, 9, 1;
    %jmp/0xz  T_4.0, 8;
    %load/v 8, V_$0xbd60f8[0], 4;
    %addi 8, 1, 4;
    %set/v V_$0xbd63f0[0], 8, 4;
    %set V_$0xbd5f58[0], 1;
T_4.0 ;
    %jmp T_4;
    .thread T_4, $push;
    .scope S_0xbb6378;
T_5 ;
    %vpi_call "$dumpvars";
    %set V_$0xbd6ad8[0], 0;
    %set V_$0xbd75f8[0], 1;
    %set/v V_$0xbd6b38[0], 0, 32;
    %set V_$0xbd7018[0], 0;
    %set/v V_$0xbd7648[0], 1, 3;
    %delay 105;
    %wait E_0xbc3f10;
    %set V_$0xbd75f8[0], 0;
    %delay 10000;
    %vpi_call "$finish";
    %end;
    .thread T_5;
    .scope S_0xbb6378;
T_6 ;
    %delay 5;
    %load/v 8, V_$0xbd6ad8[0], 1;
    %inv 8, 1;
    %set V_$0xbd6ad8[0], 8;
    %jmp T_6;
    .thread T_6;
    .scope S_0xbb6378;
T_7 ;
    %wait E_0xbc2e40;
    %load/v 8, V_$0xbd75f8[0], 1;
    %inv 8, 1;
    %jmp/0xz  T_7.0, 8;
    %load/v 8, V_$0xbd6b38[0], 32;
    %addi 8, 1, 32;
    %ix/load 0, 32;
    %assign/v0 V_$0xbd6b38[0], 0, 8;
    %load/v 8, V_$0xbd7648[0], 3;
    %addi 8, 1, 3;
    %ix/load 0, 3;
    %assign/v0 V_$0xbd7648[0], 0, 8;
    %assign V_$0xbd7018[0], 0, 1;
T_7.0 ;
    %jmp T_7;
    .thread T_7;
