
bitinit version Xilinx EDK 10.1.03 Build EDK_K_SP3.6
Copyright (c) Xilinx Inc. 2002.

Parsing MHS File system.mhs...
WARNING:MDT - Option "CORE_STATE" in
   G:\work\dcc_v5\pcores\aes_accel_v1_00_a\data\aes_accel_v2_1_0.mpd line 12  is
   deprecated. Please use Option ARCH_SUPPORT_MAP instead. 
WARNING:MDT - Option "CORE_STATE" in
   G:\work\dcc_v5\pcores\tlb_bram_v1_00_a\data\tlb_bram_v2_1_0.mpd line 12  is
   deprecated. Please use Option ARCH_SUPPORT_MAP instead. 

Overriding IP level properties ...
INFO:MDT - IPNAME:microblaze_0 INSTANCE:microblaze -
   g:\Xilinx\10.1\EDK\hw\XilinxProcessorIPLib\pcores\microblaze_v7_10_d\data\mic
   roblaze_v2_1_0.mpd line 164 - tcl is overriding PARAMETER C_ADDR_TAG_BITS
   value to 0
INFO:MDT - IPNAME:microblaze_0 INSTANCE:microblaze -
   g:\Xilinx\10.1\EDK\hw\XilinxProcessorIPLib\pcores\microblaze_v7_10_d\data\mic
   roblaze_v2_1_0.mpd line 173 - tcl is overriding PARAMETER C_DCACHE_ADDR_TAG
   value to 0
INFO:MDT - IPNAME:DDR2_SDRAM INSTANCE:mpmc -
   g:\Xilinx\10.1\EDK\hw\XilinxProcessorIPLib\pcores\mpmc_v4_03_a\data\mpmc_v2_1
   _0.mpd line 153 - tcl is overriding PARAMETER C_MEM_PART_DATA_DEPTH value to
   32
INFO:MDT - IPNAME:DDR2_SDRAM INSTANCE:mpmc -
   g:\Xilinx\10.1\EDK\hw\XilinxProcessorIPLib\pcores\mpmc_v4_03_a\data\mpmc_v2_1
   _0.mpd line 154 - tcl is overriding PARAMETER C_MEM_PART_DATA_WIDTH value to
   16
INFO:MDT - IPNAME:DDR2_SDRAM INSTANCE:mpmc -
   g:\Xilinx\10.1\EDK\hw\XilinxProcessorIPLib\pcores\mpmc_v4_03_a\data\mpmc_v2_1
   _0.mpd line 157 - tcl is overriding PARAMETER C_MEM_PART_NUM_COL_BITS value
   to 10
INFO:MDT - IPNAME:DDR2_SDRAM INSTANCE:mpmc -
   g:\Xilinx\10.1\EDK\hw\XilinxProcessorIPLib\pcores\mpmc_v4_03_a\data\mpmc_v2_1
   _0.mpd line 158 - tcl is overriding PARAMETER C_MEM_PART_TRAS value to 40000
INFO:MDT - IPNAME:DDR2_SDRAM INSTANCE:mpmc -
   g:\Xilinx\10.1\EDK\hw\XilinxProcessorIPLib\pcores\mpmc_v4_03_a\data\mpmc_v2_1
   _0.mpd line 159 - tcl is overriding PARAMETER C_MEM_PART_TRASMAX value to
   70000000
INFO:MDT - IPNAME:DDR2_SDRAM INSTANCE:mpmc -
   g:\Xilinx\10.1\EDK\hw\XilinxProcessorIPLib\pcores\mpmc_v4_03_a\data\mpmc_v2_1
   _0.mpd line 160 - tcl is overriding PARAMETER C_MEM_PART_TRC value to 55000
INFO:MDT - IPNAME:DDR2_SDRAM INSTANCE:mpmc -
   g:\Xilinx\10.1\EDK\hw\XilinxProcessorIPLib\pcores\mpmc_v4_03_a\data\mpmc_v2_1
   _0.mpd line 161 - tcl is overriding PARAMETER C_MEM_PART_TRCD value to 15000
INFO:MDT - IPNAME:DDR2_SDRAM INSTANCE:mpmc -
   g:\Xilinx\10.1\EDK\hw\XilinxProcessorIPLib\pcores\mpmc_v4_03_a\data\mpmc_v2_1
   _0.mpd line 163 - tcl is overriding PARAMETER C_MEM_PART_TWR value to 15000
INFO:MDT - IPNAME:DDR2_SDRAM INSTANCE:mpmc -
   g:\Xilinx\10.1\EDK\hw\XilinxProcessorIPLib\pcores\mpmc_v4_03_a\data\mpmc_v2_1
   _0.mpd line 164 - tcl is overriding PARAMETER C_MEM_PART_TRP value to 15000
INFO:MDT - IPNAME:DDR2_SDRAM INSTANCE:mpmc -
   g:\Xilinx\10.1\EDK\hw\XilinxProcessorIPLib\pcores\mpmc_v4_03_a\data\mpmc_v2_1
   _0.mpd line 165 - tcl is overriding PARAMETER C_MEM_PART_TMRD value to 2
INFO:MDT - IPNAME:DDR2_SDRAM INSTANCE:mpmc -
   g:\Xilinx\10.1\EDK\hw\XilinxProcessorIPLib\pcores\mpmc_v4_03_a\data\mpmc_v2_1
   _0.mpd line 166 - tcl is overriding PARAMETER C_MEM_PART_TRRD value to 10000
INFO:MDT - IPNAME:DDR2_SDRAM INSTANCE:mpmc -
   g:\Xilinx\10.1\EDK\hw\XilinxProcessorIPLib\pcores\mpmc_v4_03_a\data\mpmc_v2_1
   _0.mpd line 167 - tcl is overriding PARAMETER C_MEM_PART_TRFC value to 105000
INFO:MDT - IPNAME:DDR2_SDRAM INSTANCE:mpmc -
   g:\Xilinx\10.1\EDK\hw\XilinxProcessorIPLib\pcores\mpmc_v4_03_a\data\mpmc_v2_1
   _0.mpd line 168 - tcl is overriding PARAMETER C_MEM_PART_TREFI value to
   7800000
INFO:MDT - IPNAME:DDR2_SDRAM INSTANCE:mpmc -
   g:\Xilinx\10.1\EDK\hw\XilinxProcessorIPLib\pcores\mpmc_v4_03_a\data\mpmc_v2_1
   _0.mpd line 170 - tcl is overriding PARAMETER C_MEM_PART_TCCD value to 2
INFO:MDT - IPNAME:DDR2_SDRAM INSTANCE:mpmc -
   g:\Xilinx\10.1\EDK\hw\XilinxProcessorIPLib\pcores\mpmc_v4_03_a\data\mpmc_v2_1
   _0.mpd line 171 - tcl is overriding PARAMETER C_MEM_PART_TWTR value to 7500
INFO:MDT - IPNAME:DDR2_SDRAM INSTANCE:mpmc -
   g:\Xilinx\10.1\EDK\hw\XilinxProcessorIPLib\pcores\mpmc_v4_03_a\data\mpmc_v2_1
   _0.mpd line 173 - tcl is overriding PARAMETER C_MEM_PART_CAS_A_FMAX value to
   200
INFO:MDT - IPNAME:DDR2_SDRAM INSTANCE:mpmc -
   g:\Xilinx\10.1\EDK\hw\XilinxProcessorIPLib\pcores\mpmc_v4_03_a\data\mpmc_v2_1
   _0.mpd line 174 - tcl is overriding PARAMETER C_MEM_PART_CAS_A value to 3
INFO:MDT - IPNAME:DDR2_SDRAM INSTANCE:mpmc -
   g:\Xilinx\10.1\EDK\hw\XilinxProcessorIPLib\pcores\mpmc_v4_03_a\data\mpmc_v2_1
   _0.mpd line 175 - tcl is overriding PARAMETER C_MEM_PART_CAS_B_FMAX value to
   266
INFO:MDT - IPNAME:DDR2_SDRAM INSTANCE:mpmc -
   g:\Xilinx\10.1\EDK\hw\XilinxProcessorIPLib\pcores\mpmc_v4_03_a\data\mpmc_v2_1
   _0.mpd line 176 - tcl is overriding PARAMETER C_MEM_PART_CAS_B value to 4

Performing IP level DRCs on properties...

Running DRC Tcl procedures for OPTION IPLEVEL_DRC_PROC...
Address Map for Processor microblaze_0
  (0000000000-0x00001fff) dlmb_cntlr	dlmb
  (0000000000-0x00001fff) ilmb_cntlr	ilmb
  (0x84000000-0x8400ffff) RS232_Uart_1	mb_plb
  (0x84400000-0x8440ffff) debug_module	mb_plb
  (0x90000000-0x9fffffff) DDR2_SDRAM	mb_plb

Initializing Memory...
Checking ELFs associated with MICROBLAZE instance microblaze_0 for overlap...


Analyzing file bootloops/microblaze_0.elf...
Running Data2Mem with the following command:
data2mem -bm "implementation/system_bd" -bt "implementation/system.bit"  -bd
"bootloops/microblaze_0.elf" tag microblaze_0  -o b implementation/download.bit 
Memory Initialization completed successfully.

