#! /usr/local/bin/vvp
:vpi_time_precision + 0;
:vpi_module "system";
S_0xbcf1f0 .scope module, "tb" "tb";
 .timescale 0;
V_$0xbe7ed0 .var "CLK", 0, 0;
V_$0xbe7f30 .var "EN_start", 0, 0;
V_$0xbe7f80 .net "RDY_result", 0, 0, L_0xbea980;
V_$0xbe7fd0 .net "RDY_start", 0, 0, L_0xbe8ee8;
V_$0xbe8038 .var "RST_N", 0, 0;
V_$0xbe8088 .net "result", 31, 0, L_tb.dut._s5/0, L_tb.dut._s5/1, L_tb.dut._s5/2, L_tb.dut._s5/3, L_tb.dut._s5/4, L_tb.dut._s5/5, L_tb.dut._s5/6, L_tb.dut._s5/7, L_tb.dut._s5/8, L_tb.dut._s5/9, L_tb.dut._s5/10, L_tb.dut._s5/11, L_tb.dut._s5/12, L_tb.dut._s5/13, L_tb.dut._s5/14, L_tb.dut._s5/15, L_tb.dut._s5/16, L_tb.dut._s5/17, L_tb.dut._s5/18, L_tb.dut._s5/19, L_tb.dut._s5/20, L_tb.dut._s5/21, L_tb.dut._s5/22, L_tb.dut._s5/23, L_tb.dut._s5/24, L_tb.dut._s5/25, L_tb.dut._s5/26, L_tb.dut._s5/27, L_tb.dut._s5/28, L_tb.dut._s5/29, L_tb.dut._s5/30, L_tb.dut._s5/31;
V_$0xbe8570 .var "start_num1", 31, 0;
V_$0xbe8a28 .var "start_num2", 31, 0;
E_0xbbed08 .event edge, L_0xbe8ee8;
S_0xbd2fd0 .scope module, "dut" "mkGCD", S_0xbcf1f0;
 .timescale 0;
L_0xbe8ee8/0/0 .functor OR, V_$0xbcf870[0], V_$0xbcf870[1], V_$0xbcf870[2], V_$0xbcf870[3];
L_0xbe8ee8/0/4 .functor OR, V_$0xbcf870[4], V_$0xbcf870[5], V_$0xbcf870[6], V_$0xbcf870[7];
L_0xbe8ee8/0/8 .functor OR, V_$0xbcf870[8], V_$0xbcf870[9], V_$0xbcf870[10], V_$0xbcf870[11];
L_0xbe8ee8/0/12 .functor OR, V_$0xbcf870[12], V_$0xbcf870[13], V_$0xbcf870[14], V_$0xbcf870[15];
L_0xbe8ee8/0/16 .functor OR, V_$0xbcf870[16], V_$0xbcf870[17], V_$0xbcf870[18], V_$0xbcf870[19];
L_0xbe8ee8/0/20 .functor OR, V_$0xbcf870[20], V_$0xbcf870[21], V_$0xbcf870[22], V_$0xbcf870[23];
L_0xbe8ee8/0/24 .functor OR, V_$0xbcf870[24], V_$0xbcf870[25], V_$0xbcf870[26], V_$0xbcf870[27];
L_0xbe8ee8/0/28 .functor OR, V_$0xbcf870[28], V_$0xbcf870[29], V_$0xbcf870[30], V_$0xbcf870[31];
L_0xbe8ee8/1/0 .functor OR, L_0xbe8ee8/0/0, L_0xbe8ee8/0/4, L_0xbe8ee8/0/8, L_0xbe8ee8/0/12;
L_0xbe8ee8/1/4 .functor OR, L_0xbe8ee8/0/16, L_0xbe8ee8/0/20, L_0xbe8ee8/0/24, L_0xbe8ee8/0/28;
L_0xbe8ee8 .functor NOR, L_0xbe8ee8/1/0, L_0xbe8ee8/1/4, C<0>, C<0>;
L_0xbe9328/0/0 .functor OR, V_$0xbcf870[0], V_$0xbcf870[1], V_$0xbcf870[2], V_$0xbcf870[3];
L_0xbe9328/0/4 .functor OR, V_$0xbcf870[4], V_$0xbcf870[5], V_$0xbcf870[6], V_$0xbcf870[7];
L_0xbe9328/0/8 .functor OR, V_$0xbcf870[8], V_$0xbcf870[9], V_$0xbcf870[10], V_$0xbcf870[11];
L_0xbe9328/0/12 .functor OR, V_$0xbcf870[12], V_$0xbcf870[13], V_$0xbcf870[14], V_$0xbcf870[15];
L_0xbe9328/0/16 .functor OR, V_$0xbcf870[16], V_$0xbcf870[17], V_$0xbcf870[18], V_$0xbcf870[19];
L_0xbe9328/0/20 .functor OR, V_$0xbcf870[20], V_$0xbcf870[21], V_$0xbcf870[22], V_$0xbcf870[23];
L_0xbe9328/0/24 .functor OR, V_$0xbcf870[24], V_$0xbcf870[25], V_$0xbcf870[26], V_$0xbcf870[27];
L_0xbe9328/0/28 .functor OR, V_$0xbcf870[28], V_$0xbcf870[29], V_$0xbcf870[30], V_$0xbcf870[31];
L_0xbe9328/1/0 .functor OR, L_0xbe9328/0/0, L_0xbe9328/0/4, L_0xbe9328/0/8, L_0xbe9328/0/12;
L_0xbe9328/1/4 .functor OR, L_0xbe9328/0/16, L_0xbe9328/0/20, L_0xbe9328/0/24, L_0xbe9328/0/28;
L_0xbe9328 .functor NOR, L_0xbe9328/1/0, L_0xbe9328/1/4, C<0>, C<0>;
L_0xbe9700/0/0 .functor OR, V_$0xbcf870[0], V_$0xbcf870[1], V_$0xbcf870[2], V_$0xbcf870[3];
L_0xbe9700/0/4 .functor OR, V_$0xbcf870[4], V_$0xbcf870[5], V_$0xbcf870[6], V_$0xbcf870[7];
L_0xbe9700/0/8 .functor OR, V_$0xbcf870[8], V_$0xbcf870[9], V_$0xbcf870[10], V_$0xbcf870[11];
L_0xbe9700/0/12 .functor OR, V_$0xbcf870[12], V_$0xbcf870[13], V_$0xbcf870[14], V_$0xbcf870[15];
L_0xbe9700/0/16 .functor OR, V_$0xbcf870[16], V_$0xbcf870[17], V_$0xbcf870[18], V_$0xbcf870[19];
L_0xbe9700/0/20 .functor OR, V_$0xbcf870[20], V_$0xbcf870[21], V_$0xbcf870[22], V_$0xbcf870[23];
L_0xbe9700/0/24 .functor OR, V_$0xbcf870[24], V_$0xbcf870[25], V_$0xbcf870[26], V_$0xbcf870[27];
L_0xbe9700/0/28 .functor OR, V_$0xbcf870[28], V_$0xbcf870[29], V_$0xbcf870[30], V_$0xbcf870[31];
L_0xbe9700/1/0 .functor OR, L_0xbe9700/0/0, L_0xbe9700/0/4, L_0xbe9700/0/8, L_0xbe9700/0/12;
L_0xbe9700/1/4 .functor OR, L_0xbe9700/0/16, L_0xbe9700/0/20, L_0xbe9700/0/24, L_0xbe9700/0/28;
L_0xbe9700 .functor NOR, L_0xbe9700/1/0, L_0xbe9700/1/4, C<0>, C<0>;
L_0xbe8000/0/0 .functor OR, V_$0xbc5098[0], V_$0xbc5098[1], V_$0xbc5098[2], V_$0xbc5098[3];
L_0xbe8000/0/4 .functor OR, V_$0xbc5098[4], V_$0xbc5098[5], V_$0xbc5098[6], V_$0xbc5098[7];
L_0xbe8000/0/8 .functor OR, V_$0xbc5098[8], V_$0xbc5098[9], V_$0xbc5098[10], V_$0xbc5098[11];
L_0xbe8000/0/12 .functor OR, V_$0xbc5098[12], V_$0xbc5098[13], V_$0xbc5098[14], V_$0xbc5098[15];
L_0xbe8000/0/16 .functor OR, V_$0xbc5098[16], V_$0xbc5098[17], V_$0xbc5098[18], V_$0xbc5098[19];
L_0xbe8000/0/20 .functor OR, V_$0xbc5098[20], V_$0xbc5098[21], V_$0xbc5098[22], V_$0xbc5098[23];
L_0xbe8000/0/24 .functor OR, V_$0xbc5098[24], V_$0xbc5098[25], V_$0xbc5098[26], V_$0xbc5098[27];
L_0xbe8000/0/28 .functor OR, V_$0xbc5098[28], V_$0xbc5098[29], V_$0xbc5098[30], V_$0xbc5098[31];
L_0xbe8000/1/0 .functor OR, L_0xbe8000/0/0, L_0xbe8000/0/4, L_0xbe8000/0/8, L_0xbe8000/0/12;
L_0xbe8000/1/4 .functor OR, L_0xbe8000/0/16, L_0xbe8000/0/20, L_0xbe8000/0/24, L_0xbe8000/0/28;
L_0xbe8000 .functor NOR, L_0xbe8000/1/0, L_0xbe8000/1/4, C<0>, C<0>;
L_0xbea980 .functor OR, L_0xbe9700, L_0xbe8000, C<0>, C<0>;
L_0xbeaa00/0/0 .functor OR, V_$0xbcf870[0], V_$0xbcf870[1], V_$0xbcf870[2], V_$0xbcf870[3];
L_0xbeaa00/0/4 .functor OR, V_$0xbcf870[4], V_$0xbcf870[5], V_$0xbcf870[6], V_$0xbcf870[7];
L_0xbeaa00/0/8 .functor OR, V_$0xbcf870[8], V_$0xbcf870[9], V_$0xbcf870[10], V_$0xbcf870[11];
L_0xbeaa00/0/12 .functor OR, V_$0xbcf870[12], V_$0xbcf870[13], V_$0xbcf870[14], V_$0xbcf870[15];
L_0xbeaa00/0/16 .functor OR, V_$0xbcf870[16], V_$0xbcf870[17], V_$0xbcf870[18], V_$0xbcf870[19];
L_0xbeaa00/0/20 .functor OR, V_$0xbcf870[20], V_$0xbcf870[21], V_$0xbcf870[22], V_$0xbcf870[23];
L_0xbeaa00/0/24 .functor OR, V_$0xbcf870[24], V_$0xbcf870[25], V_$0xbcf870[26], V_$0xbcf870[27];
L_0xbeaa00/0/28 .functor OR, V_$0xbcf870[28], V_$0xbcf870[29], V_$0xbcf870[30], V_$0xbcf870[31];
L_0xbeaa00/1/0 .functor OR, L_0xbeaa00/0/0, L_0xbeaa00/0/4, L_0xbeaa00/0/8, L_0xbeaa00/0/12;
L_0xbeaa00/1/4 .functor OR, L_0xbeaa00/0/16, L_0xbeaa00/0/20, L_0xbeaa00/0/24, L_0xbeaa00/0/28;
L_0xbeaa00 .functor OR, L_0xbeaa00/1/0, L_0xbeaa00/1/4, C<0>, C<0>;
L_0xbe9480/0/0 .functor OR, V_$0xbc5098[0], V_$0xbc5098[1], V_$0xbc5098[2], V_$0xbc5098[3];
L_0xbe9480/0/4 .functor OR, V_$0xbc5098[4], V_$0xbc5098[5], V_$0xbc5098[6], V_$0xbc5098[7];
L_0xbe9480/0/8 .functor OR, V_$0xbc5098[8], V_$0xbc5098[9], V_$0xbc5098[10], V_$0xbc5098[11];
L_0xbe9480/0/12 .functor OR, V_$0xbc5098[12], V_$0xbc5098[13], V_$0xbc5098[14], V_$0xbc5098[15];
L_0xbe9480/0/16 .functor OR, V_$0xbc5098[16], V_$0xbc5098[17], V_$0xbc5098[18], V_$0xbc5098[19];
L_0xbe9480/0/20 .functor OR, V_$0xbc5098[20], V_$0xbc5098[21], V_$0xbc5098[22], V_$0xbc5098[23];
L_0xbe9480/0/24 .functor OR, V_$0xbc5098[24], V_$0xbc5098[25], V_$0xbc5098[26], V_$0xbc5098[27];
L_0xbe9480/0/28 .functor OR, V_$0xbc5098[28], V_$0xbc5098[29], V_$0xbc5098[30], V_$0xbc5098[31];
L_0xbe9480/1/0 .functor OR, L_0xbe9480/0/0, L_0xbe9480/0/4, L_0xbe9480/0/8, L_0xbe9480/0/12;
L_0xbe9480/1/4 .functor OR, L_0xbe9480/0/16, L_0xbe9480/0/20, L_0xbe9480/0/24, L_0xbe9480/0/28;
L_0xbe9480 .functor OR, L_0xbe9480/1/0, L_0xbe9480/1/4, C<0>, C<0>;
L_0xbea5a0 .functor AND, L_0xbeaa00, L_0xbe9480, C<1>, C<1>;
L_0xbea5d0 .functor AND, L_0xbea5a0, L_0xbed750, C<1>, C<1>;
L_0xbea600 .functor AND, L_0xbea5a0, L_tb.dut._s109, C<1>, C<1>;
L_0xbecc38 .functor AND, L_0xbea5a0, L_0xbed7c0, C<1>, C<1>;
L_0xbecca8 .functor OR, L_0xbecc38, V_$0xbe7f30[0], C<0>, C<0>;
L_0xbed178 .functor AND, L_0xbea5a0, L_tb.dut._s109, C<1>, C<1>;
L_0xbed220 .functor OR, L_0xbed178, V_$0xbe7f30[0], C<0>, C<0>;
L_0xbed750 .functor NOT, L_tb.dut._s109, C<0>, C<0>, C<0>;
L_0xbed7c0 .functor NOT, L_tb.dut._s109, C<0>, C<0>, C<0>;
L_0xbed8b0 .functor BUF, V_$0xbc5098[0], C<0>, C<0>, C<0>;
L_0xbea878 .functor BUF, V_$0xbc5098[1], C<0>, C<0>, C<0>;
L_0xbed9d8 .functor BUF, V_$0xbc5098[2], C<0>, C<0>, C<0>;
L_0xbeda30 .functor BUF, V_$0xbc5098[3], C<0>, C<0>, C<0>;
L_0xbea0f0 .functor BUF, V_$0xbc5098[4], C<0>, C<0>, C<0>;
L_0xbedb38 .functor BUF, V_$0xbc5098[5], C<0>, C<0>, C<0>;
L_0xbedae0 .functor BUF, V_$0xbc5098[6], C<0>, C<0>, C<0>;
L_0xbedbc8 .functor BUF, V_$0xbc5098[7], C<0>, C<0>, C<0>;
L_0xbea290 .functor BUF, V_$0xbc5098[8], C<0>, C<0>, C<0>;
L_0xbedb90 .functor BUF, V_$0xbc5098[9], C<0>, C<0>, C<0>;
L_0xbedc78 .functor BUF, V_$0xbc5098[10], C<0>, C<0>, C<0>;
L_0xbedd78 .functor BUF, V_$0xbc5098[11], C<0>, C<0>, C<0>;
L_0xbedd08 .functor BUF, V_$0xbc5098[12], C<0>, C<0>, C<0>;
L_0xbede48 .functor BUF, V_$0xbc5098[13], C<0>, C<0>, C<0>;
L_0xbeddd0 .functor BUF, V_$0xbc5098[14], C<0>, C<0>, C<0>;
L_0xbedf20 .functor BUF, V_$0xbc5098[15], C<0>, C<0>, C<0>;
L_0xbea630 .functor BUF, V_$0xbc5098[16], C<0>, C<0>, C<0>;
L_0xbed780 .functor BUF, V_$0xbc5098[17], C<0>, C<0>, C<0>;
L_0xbedea0 .functor BUF, V_$0xbc5098[18], C<0>, C<0>, C<0>;
L_0xbee008 .functor BUF, V_$0xbc5098[19], C<0>, C<0>, C<0>;
L_0xbedf78 .functor BUF, V_$0xbc5098[20], C<0>, C<0>, C<0>;
L_0xbedfd0 .functor BUF, V_$0xbc5098[21], C<0>, C<0>, C<0>;
L_0xbee038 .functor BUF, V_$0xbc5098[22], C<0>, C<0>, C<0>;
L_0xbee090 .functor BUF, V_$0xbc5098[23], C<0>, C<0>, C<0>;
L_0xbee0f8 .functor BUF, V_$0xbc5098[24], C<0>, C<0>, C<0>;
L_0xbee150 .functor BUF, V_$0xbc5098[25], C<0>, C<0>, C<0>;
L_0xbee1c0 .functor BUF, V_$0xbc5098[26], C<0>, C<0>, C<0>;
L_0xbee218 .functor BUF, V_$0xbc5098[27], C<0>, C<0>, C<0>;
L_0xbee290 .functor BUF, V_$0xbc5098[28], C<0>, C<0>, C<0>;
L_0xbee2c0 .functor BUF, V_$0xbc5098[29], C<0>, C<0>, C<0>;
L_0xbeb200 .functor BUF, V_$0xbc5098[30], C<0>, C<0>, C<0>;
L_0xbee398 .functor NOT, V_$0xbc5098[31], C<0>, C<0>, C<0>;
L_0xbee3f0 .functor BUF, V_$0xbcf870[0], C<0>, C<0>, C<0>;
L_0xbee570 .functor BUF, V_$0xbcf870[1], C<0>, C<0>, C<0>;
L_0xbea4f8 .functor BUF, V_$0xbcf870[2], C<0>, C<0>, C<0>;
L_0xbee518 .functor BUF, V_$0xbcf870[3], C<0>, C<0>, C<0>;
L_0xbeb4d0 .functor BUF, V_$0xbcf870[4], C<0>, C<0>, C<0>;
L_0xbeb5a0 .functor BUF, V_$0xbcf870[5], C<0>, C<0>, C<0>;
L_0xbee638 .functor BUF, V_$0xbcf870[6], C<0>, C<0>, C<0>;
L_0xbeb690 .functor BUF, V_$0xbcf870[7], C<0>, C<0>, C<0>;
L_0xbee860 .functor BUF, V_$0xbcf870[8], C<0>, C<0>, C<0>;
L_0xbeb7a0 .functor BUF, V_$0xbcf870[9], C<0>, C<0>, C<0>;
L_0xbee778 .functor BUF, V_$0xbcf870[10], C<0>, C<0>, C<0>;
L_0xbeb8b0 .functor BUF, V_$0xbcf870[11], C<0>, C<0>, C<0>;
L_0xbeea20 .functor BUF, V_$0xbcf870[12], C<0>, C<0>, C<0>;
L_0xbeb9c0 .functor BUF, V_$0xbcf870[13], C<0>, C<0>, C<0>;
L_0xbeb6e8 .functor BUF, V_$0xbcf870[14], C<0>, C<0>, C<0>;
L_0xbeb908 .functor BUF, V_$0xbcf870[15], C<0>, C<0>, C<0>;
L_0xbee928 .functor BUF, V_$0xbcf870[16], C<0>, C<0>, C<0>;
L_0xbee980 .functor BUF, V_$0xbcf870[17], C<0>, C<0>, C<0>;
L_0xbee9d8 .functor BUF, V_$0xbcf870[18], C<0>, C<0>, C<0>;
L_0xbeebf8 .functor BUF, V_$0xbcf870[19], C<0>, C<0>, C<0>;
L_0xbe97f8 .functor BUF, V_$0xbcf870[20], C<0>, C<0>, C<0>;
L_0xbeeae8 .functor BUF, V_$0xbcf870[21], C<0>, C<0>, C<0>;
L_0xbeeb18 .functor BUF, V_$0xbcf870[22], C<0>, C<0>, C<0>;
L_0xbeeb48 .functor BUF, V_$0xbcf870[23], C<0>, C<0>, C<0>;
L_0xbe9f08 .functor BUF, V_$0xbcf870[24], C<0>, C<0>, C<0>;
L_0xbe9f38 .functor BUF, V_$0xbcf870[25], C<0>, C<0>, C<0>;
L_0xbe9640 .functor BUF, V_$0xbcf870[26], C<0>, C<0>, C<0>;
L_0xbe9670 .functor BUF, V_$0xbcf870[27], C<0>, C<0>, C<0>;
L_0xbebff0 .functor BUF, V_$0xbcf870[28], C<0>, C<0>, C<0>;
L_0xbeed30 .functor BUF, V_$0xbcf870[29], C<0>, C<0>, C<0>;
L_0xbec090 .functor BUF, V_$0xbcf870[30], C<0>, C<0>, C<0>;
L_0xbeb048 .functor NOT, V_$0xbcf870[31], C<0>, C<0>, C<0>;
V_$0xbd6cf8 .net "CLK", 0, 0, V_$0xbe7ed0[0];
V_$0xbd0480 .net "EN_start", 0, 0, V_$0xbe7f30[0];
V_$0xbd0558 .net "MUX_x$write_1__PSEL_1", 0, 0, L_0xbea5a0;
V_$0xbd0630 .net "MUX_x$write_1__SEL_1", 0, 0, L_0xbea5d0;
V_$0xbd0708 .net "MUX_x$write_1__VAL_1", 31, 0, L_0xbea698[0], L_0xbea698[1], L_0xbea698[2], L_0xbea698[3], L_0xbea698[4], L_0xbea698[5], L_0xbea698[6], L_0xbea698[7], L_0xbea698[8], L_0xbea698[9], L_0xbea698[10], L_0xbea698[11], L_0xbea698[12], L_0xbea698[13], L_0xbea698[14], L_0xbea698[15], L_0xbea698[16], L_0xbea698[17], L_0xbea698[18], L_0xbea698[19], L_0xbea698[20], L_0xbea698[21], L_0xbea698[22], L_0xbea698[23], L_0xbea698[24], L_0xbea698[25], L_0xbea698[26], L_0xbea698[27], L_0xbea698[28], L_0xbea698[29], L_0xbea698[30], L_0xbea698[31];
V_$0xbd3f70 .net "MUX_y$write_1__SEL_1", 0, 0, L_0xbea600;
V_$0xbd41f8 .net "MUX_y$write_1__VAL_1", 31, 0, L_0xbe9420[0], L_0xbe9420[1], L_0xbe9420[2], L_0xbe9420[3], L_0xbe9420[4], L_0xbe9420[5], L_0xbe9420[6], L_0xbe9420[7], L_0xbe9420[8], L_0xbe9420[9], L_0xbe9420[10], L_0xbe9420[11], L_0xbe9420[12], L_0xbe9420[13], L_0xbe9420[14], L_0xbe9420[15], L_0xbe9420[16], L_0xbe9420[17], L_0xbe9420[18], L_0xbe9420[19], L_0xbe9420[20], L_0xbe9420[21], L_0xbe9420[22], L_0xbe9420[23], L_0xbe9420[24], L_0xbe9420[25], L_0xbe9420[26], L_0xbe9420[27], L_0xbe9420[28], L_0xbe9420[29], L_0xbe9420[30], L_0xbe9420[31];
V_$0xbba178 .net "RDY_result", 0, 0, L_0xbea980;
V_$0xbbce40 .net "RDY_start", 0, 0, L_0xbe8ee8;
V_$0xbbce88 .net "RST_N", 0, 0, V_$0xbe8038[0];
V_$0xbc0a38 .net "result", 31, 0, L_tb.dut._s5/0, L_tb.dut._s5/1, L_tb.dut._s5/2, L_tb.dut._s5/3, L_tb.dut._s5/4, L_tb.dut._s5/5, L_tb.dut._s5/6, L_tb.dut._s5/7, L_tb.dut._s5/8, L_tb.dut._s5/9, L_tb.dut._s5/10, L_tb.dut._s5/11, L_tb.dut._s5/12, L_tb.dut._s5/13, L_tb.dut._s5/14, L_tb.dut._s5/15, L_tb.dut._s5/16, L_tb.dut._s5/17, L_tb.dut._s5/18, L_tb.dut._s5/19, L_tb.dut._s5/20, L_tb.dut._s5/21, L_tb.dut._s5/22, L_tb.dut._s5/23, L_tb.dut._s5/24, L_tb.dut._s5/25, L_tb.dut._s5/26, L_tb.dut._s5/27, L_tb.dut._s5/28, L_tb.dut._s5/29, L_tb.dut._s5/30, L_tb.dut._s5/31;
V_$0xbcd6f0 .net "start_num1", 31, 0, V_$0xbe8570[0], V_$0xbe8570[1], V_$0xbe8570[2], V_$0xbe8570[3], V_$0xbe8570[4], V_$0xbe8570[5], V_$0xbe8570[6], V_$0xbe8570[7], V_$0xbe8570[8], V_$0xbe8570[9], V_$0xbe8570[10], V_$0xbe8570[11], V_$0xbe8570[12], V_$0xbe8570[13], V_$0xbe8570[14], V_$0xbe8570[15], V_$0xbe8570[16], V_$0xbe8570[17], V_$0xbe8570[18], V_$0xbe8570[19], V_$0xbe8570[20], V_$0xbe8570[21], V_$0xbe8570[22], V_$0xbe8570[23], V_$0xbe8570[24], V_$0xbe8570[25], V_$0xbe8570[26], V_$0xbe8570[27], V_$0xbe8570[28], V_$0xbe8570[29], V_$0xbe8570[30], V_$0xbe8570[31];
V_$0xbcba50 .net "start_num2", 31, 0, V_$0xbe8a28[0], V_$0xbe8a28[1], V_$0xbe8a28[2], V_$0xbe8a28[3], V_$0xbe8a28[4], V_$0xbe8a28[5], V_$0xbe8a28[6], V_$0xbe8a28[7], V_$0xbe8a28[8], V_$0xbe8a28[9], V_$0xbe8a28[10], V_$0xbe8a28[11], V_$0xbe8a28[12], V_$0xbe8a28[13], V_$0xbe8a28[14], V_$0xbe8a28[15], V_$0xbe8a28[16], V_$0xbe8a28[17], V_$0xbe8a28[18], V_$0xbe8a28[19], V_$0xbe8a28[20], V_$0xbe8a28[21], V_$0xbe8a28[22], V_$0xbe8a28[23], V_$0xbe8a28[24], V_$0xbe8a28[25], V_$0xbe8a28[26], V_$0xbe8a28[27], V_$0xbe8a28[28], V_$0xbe8a28[29], V_$0xbe8a28[30], V_$0xbe8a28[31];
V_$0xbc5098 .var "x", 31, 0;
V_$0xbc4e90 .net "x$D_IN", 31, 0, L_tb.dut._s29/0, L_tb.dut._s29/1, L_tb.dut._s29/2, L_tb.dut._s29/3, L_tb.dut._s29/4, L_tb.dut._s29/5, L_tb.dut._s29/6, L_tb.dut._s29/7, L_tb.dut._s29/8, L_tb.dut._s29/9, L_tb.dut._s29/10, L_tb.dut._s29/11, L_tb.dut._s29/12, L_tb.dut._s29/13, L_tb.dut._s29/14, L_tb.dut._s29/15, L_tb.dut._s29/16, L_tb.dut._s29/17, L_tb.dut._s29/18, L_tb.dut._s29/19, L_tb.dut._s29/20, L_tb.dut._s29/21, L_tb.dut._s29/22, L_tb.dut._s29/23, L_tb.dut._s29/24, L_tb.dut._s29/25, L_tb.dut._s29/26, L_tb.dut._s29/27, L_tb.dut._s29/28, L_tb.dut._s29/29, L_tb.dut._s29/30, L_tb.dut._s29/31;
V_$0xbcf790 .net "x$EN", 0, 0, L_0xbecca8;
V_$0xbc83a0 .net "x_SLE_y___d8", 0, 0, L_tb.dut._s109;
V_$0xbcf870 .var "y", 31, 0;
V_$0xbd22c0 .net "y$D_IN", 31, 0, L_tb.dut._s37/0, L_tb.dut._s37/1, L_tb.dut._s37/2, L_tb.dut._s37/3, L_tb.dut._s37/4, L_tb.dut._s37/5, L_tb.dut._s37/6, L_tb.dut._s37/7, L_tb.dut._s37/8, L_tb.dut._s37/9, L_tb.dut._s37/10, L_tb.dut._s37/11, L_tb.dut._s37/12, L_tb.dut._s37/13, L_tb.dut._s37/14, L_tb.dut._s37/15, L_tb.dut._s37/16, L_tb.dut._s37/17, L_tb.dut._s37/18, L_tb.dut._s37/19, L_tb.dut._s37/20, L_tb.dut._s37/21, L_tb.dut._s37/22, L_tb.dut._s37/23, L_tb.dut._s37/24, L_tb.dut._s37/25, L_tb.dut._s37/26, L_tb.dut._s37/27, L_tb.dut._s37/28, L_tb.dut._s37/29, L_tb.dut._s37/30, L_tb.dut._s37/31;
V_$0xbd2650 .net "y$EN", 0, 0, L_0xbed220;
E_0xbc1170 .event posedge, V_$0xbe7ed0[0];
L_tb.dut._s5/0 .functor MUXZ, V_$0xbcf870[0], V_$0xbc5098[0], L_0xbe9328, C<1>;
L_tb.dut._s5/1 .functor MUXZ, V_$0xbcf870[1], V_$0xbc5098[1], L_0xbe9328, C<1>;
L_tb.dut._s5/2 .functor MUXZ, V_$0xbcf870[2], V_$0xbc5098[2], L_0xbe9328, C<1>;
L_tb.dut._s5/3 .functor MUXZ, V_$0xbcf870[3], V_$0xbc5098[3], L_0xbe9328, C<1>;
L_tb.dut._s5/4 .functor MUXZ, V_$0xbcf870[4], V_$0xbc5098[4], L_0xbe9328, C<1>;
L_tb.dut._s5/5 .functor MUXZ, V_$0xbcf870[5], V_$0xbc5098[5], L_0xbe9328, C<1>;
L_tb.dut._s5/6 .functor MUXZ, V_$0xbcf870[6], V_$0xbc5098[6], L_0xbe9328, C<1>;
L_tb.dut._s5/7 .functor MUXZ, V_$0xbcf870[7], V_$0xbc5098[7], L_0xbe9328, C<1>;
L_tb.dut._s5/8 .functor MUXZ, V_$0xbcf870[8], V_$0xbc5098[8], L_0xbe9328, C<1>;
L_tb.dut._s5/9 .functor MUXZ, V_$0xbcf870[9], V_$0xbc5098[9], L_0xbe9328, C<1>;
L_tb.dut._s5/10 .functor MUXZ, V_$0xbcf870[10], V_$0xbc5098[10], L_0xbe9328, C<1>;
L_tb.dut._s5/11 .functor MUXZ, V_$0xbcf870[11], V_$0xbc5098[11], L_0xbe9328, C<1>;
L_tb.dut._s5/12 .functor MUXZ, V_$0xbcf870[12], V_$0xbc5098[12], L_0xbe9328, C<1>;
L_tb.dut._s5/13 .functor MUXZ, V_$0xbcf870[13], V_$0xbc5098[13], L_0xbe9328, C<1>;
L_tb.dut._s5/14 .functor MUXZ, V_$0xbcf870[14], V_$0xbc5098[14], L_0xbe9328, C<1>;
L_tb.dut._s5/15 .functor MUXZ, V_$0xbcf870[15], V_$0xbc5098[15], L_0xbe9328, C<1>;
L_tb.dut._s5/16 .functor MUXZ, V_$0xbcf870[16], V_$0xbc5098[16], L_0xbe9328, C<1>;
L_tb.dut._s5/17 .functor MUXZ, V_$0xbcf870[17], V_$0xbc5098[17], L_0xbe9328, C<1>;
L_tb.dut._s5/18 .functor MUXZ, V_$0xbcf870[18], V_$0xbc5098[18], L_0xbe9328, C<1>;
L_tb.dut._s5/19 .functor MUXZ, V_$0xbcf870[19], V_$0xbc5098[19], L_0xbe9328, C<1>;
L_tb.dut._s5/20 .functor MUXZ, V_$0xbcf870[20], V_$0xbc5098[20], L_0xbe9328, C<1>;
L_tb.dut._s5/21 .functor MUXZ, V_$0xbcf870[21], V_$0xbc5098[21], L_0xbe9328, C<1>;
L_tb.dut._s5/22 .functor MUXZ, V_$0xbcf870[22], V_$0xbc5098[22], L_0xbe9328, C<1>;
L_tb.dut._s5/23 .functor MUXZ, V_$0xbcf870[23], V_$0xbc5098[23], L_0xbe9328, C<1>;
L_tb.dut._s5/24 .functor MUXZ, V_$0xbcf870[24], V_$0xbc5098[24], L_0xbe9328, C<1>;
L_tb.dut._s5/25 .functor MUXZ, V_$0xbcf870[25], V_$0xbc5098[25], L_0xbe9328, C<1>;
L_tb.dut._s5/26 .functor MUXZ, V_$0xbcf870[26], V_$0xbc5098[26], L_0xbe9328, C<1>;
L_tb.dut._s5/27 .functor MUXZ, V_$0xbcf870[27], V_$0xbc5098[27], L_0xbe9328, C<1>;
L_tb.dut._s5/28 .functor MUXZ, V_$0xbcf870[28], V_$0xbc5098[28], L_0xbe9328, C<1>;
L_tb.dut._s5/29 .functor MUXZ, V_$0xbcf870[29], V_$0xbc5098[29], L_0xbe9328, C<1>;
L_tb.dut._s5/30 .functor MUXZ, V_$0xbcf870[30], V_$0xbc5098[30], L_0xbe9328, C<1>;
L_tb.dut._s5/31 .functor MUXZ, V_$0xbcf870[31], V_$0xbc5098[31], L_0xbe9328, C<1>;
L_0xbea698 .arith/sub 32, V_$0xbc5098[0], V_$0xbc5098[1], V_$0xbc5098[2], V_$0xbc5098[3], V_$0xbc5098[4], V_$0xbc5098[5], V_$0xbc5098[6], V_$0xbc5098[7], V_$0xbc5098[8], V_$0xbc5098[9], V_$0xbc5098[10], V_$0xbc5098[11], V_$0xbc5098[12], V_$0xbc5098[13], V_$0xbc5098[14], V_$0xbc5098[15], V_$0xbc5098[16], V_$0xbc5098[17], V_$0xbc5098[18], V_$0xbc5098[19], V_$0xbc5098[20], V_$0xbc5098[21], V_$0xbc5098[22], V_$0xbc5098[23], V_$0xbc5098[24], V_$0xbc5098[25], V_$0xbc5098[26], V_$0xbc5098[27], V_$0xbc5098[28], V_$0xbc5098[29], V_$0xbc5098[30], V_$0xbc5098[31], V_$0xbcf870[0], V_$0xbcf870[1], V_$0xbcf870[2], V_$0xbcf870[3], V_$0xbcf870[4], V_$0xbcf870[5], V_$0xbcf870[6], V_$0xbcf870[7], V_$0xbcf870[8], V_$0xbcf870[9], V_$0xbcf870[10], V_$0xbcf870[11], V_$0xbcf870[12], V_$0xbcf870[13], V_$0xbcf870[14], V_$0xbcf870[15], V_$0xbcf870[16], V_$0xbcf870[17], V_$0xbcf870[18], V_$0xbcf870[19], V_$0xbcf870[20], V_$0xbcf870[21], V_$0xbcf870[22], V_$0xbcf870[23], V_$0xbcf870[24], V_$0xbcf870[25], V_$0xbcf870[26], V_$0xbcf870[27], V_$0xbcf870[28], V_$0xbcf870[29], V_$0xbcf870[30], V_$0xbcf870[31];
L_0xbe9420 .arith/sub 32, V_$0xbcf870[0], V_$0xbcf870[1], V_$0xbcf870[2], V_$0xbcf870[3], V_$0xbcf870[4], V_$0xbcf870[5], V_$0xbcf870[6], V_$0xbcf870[7], V_$0xbcf870[8], V_$0xbcf870[9], V_$0xbcf870[10], V_$0xbcf870[11], V_$0xbcf870[12], V_$0xbcf870[13], V_$0xbcf870[14], V_$0xbcf870[15], V_$0xbcf870[16], V_$0xbcf870[17], V_$0xbcf870[18], V_$0xbcf870[19], V_$0xbcf870[20], V_$0xbcf870[21], V_$0xbcf870[22], V_$0xbcf870[23], V_$0xbcf870[24], V_$0xbcf870[25], V_$0xbcf870[26], V_$0xbcf870[27], V_$0xbcf870[28], V_$0xbcf870[29], V_$0xbcf870[30], V_$0xbcf870[31], V_$0xbc5098[0], V_$0xbc5098[1], V_$0xbc5098[2], V_$0xbc5098[3], V_$0xbc5098[4], V_$0xbc5098[5], V_$0xbc5098[6], V_$0xbc5098[7], V_$0xbc5098[8], V_$0xbc5098[9], V_$0xbc5098[10], V_$0xbc5098[11], V_$0xbc5098[12], V_$0xbc5098[13], V_$0xbc5098[14], V_$0xbc5098[15], V_$0xbc5098[16], V_$0xbc5098[17], V_$0xbc5098[18], V_$0xbc5098[19], V_$0xbc5098[20], V_$0xbc5098[21], V_$0xbc5098[22], V_$0xbc5098[23], V_$0xbc5098[24], V_$0xbc5098[25], V_$0xbc5098[26], V_$0xbc5098[27], V_$0xbc5098[28], V_$0xbc5098[29], V_$0xbc5098[30], V_$0xbc5098[31];
L_tb.dut._s29/0 .functor MUXZ, V_$0xbe8570[0], L_0xbea698[0], L_0xbea5d0, C<1>;
L_tb.dut._s29/1 .functor MUXZ, V_$0xbe8570[1], L_0xbea698[1], L_0xbea5d0, C<1>;
L_tb.dut._s29/2 .functor MUXZ, V_$0xbe8570[2], L_0xbea698[2], L_0xbea5d0, C<1>;
L_tb.dut._s29/3 .functor MUXZ, V_$0xbe8570[3], L_0xbea698[3], L_0xbea5d0, C<1>;
L_tb.dut._s29/4 .functor MUXZ, V_$0xbe8570[4], L_0xbea698[4], L_0xbea5d0, C<1>;
L_tb.dut._s29/5 .functor MUXZ, V_$0xbe8570[5], L_0xbea698[5], L_0xbea5d0, C<1>;
L_tb.dut._s29/6 .functor MUXZ, V_$0xbe8570[6], L_0xbea698[6], L_0xbea5d0, C<1>;
L_tb.dut._s29/7 .functor MUXZ, V_$0xbe8570[7], L_0xbea698[7], L_0xbea5d0, C<1>;
L_tb.dut._s29/8 .functor MUXZ, V_$0xbe8570[8], L_0xbea698[8], L_0xbea5d0, C<1>;
L_tb.dut._s29/9 .functor MUXZ, V_$0xbe8570[9], L_0xbea698[9], L_0xbea5d0, C<1>;
L_tb.dut._s29/10 .functor MUXZ, V_$0xbe8570[10], L_0xbea698[10], L_0xbea5d0, C<1>;
L_tb.dut._s29/11 .functor MUXZ, V_$0xbe8570[11], L_0xbea698[11], L_0xbea5d0, C<1>;
L_tb.dut._s29/12 .functor MUXZ, V_$0xbe8570[12], L_0xbea698[12], L_0xbea5d0, C<1>;
L_tb.dut._s29/13 .functor MUXZ, V_$0xbe8570[13], L_0xbea698[13], L_0xbea5d0, C<1>;
L_tb.dut._s29/14 .functor MUXZ, V_$0xbe8570[14], L_0xbea698[14], L_0xbea5d0, C<1>;
L_tb.dut._s29/15 .functor MUXZ, V_$0xbe8570[15], L_0xbea698[15], L_0xbea5d0, C<1>;
L_tb.dut._s29/16 .functor MUXZ, V_$0xbe8570[16], L_0xbea698[16], L_0xbea5d0, C<1>;
L_tb.dut._s29/17 .functor MUXZ, V_$0xbe8570[17], L_0xbea698[17], L_0xbea5d0, C<1>;
L_tb.dut._s29/18 .functor MUXZ, V_$0xbe8570[18], L_0xbea698[18], L_0xbea5d0, C<1>;
L_tb.dut._s29/19 .functor MUXZ, V_$0xbe8570[19], L_0xbea698[19], L_0xbea5d0, C<1>;
L_tb.dut._s29/20 .functor MUXZ, V_$0xbe8570[20], L_0xbea698[20], L_0xbea5d0, C<1>;
L_tb.dut._s29/21 .functor MUXZ, V_$0xbe8570[21], L_0xbea698[21], L_0xbea5d0, C<1>;
L_tb.dut._s29/22 .functor MUXZ, V_$0xbe8570[22], L_0xbea698[22], L_0xbea5d0, C<1>;
L_tb.dut._s29/23 .functor MUXZ, V_$0xbe8570[23], L_0xbea698[23], L_0xbea5d0, C<1>;
L_tb.dut._s29/24 .functor MUXZ, V_$0xbe8570[24], L_0xbea698[24], L_0xbea5d0, C<1>;
L_tb.dut._s29/25 .functor MUXZ, V_$0xbe8570[25], L_0xbea698[25], L_0xbea5d0, C<1>;
L_tb.dut._s29/26 .functor MUXZ, V_$0xbe8570[26], L_0xbea698[26], L_0xbea5d0, C<1>;
L_tb.dut._s29/27 .functor MUXZ, V_$0xbe8570[27], L_0xbea698[27], L_0xbea5d0, C<1>;
L_tb.dut._s29/28 .functor MUXZ, V_$0xbe8570[28], L_0xbea698[28], L_0xbea5d0, C<1>;
L_tb.dut._s29/29 .functor MUXZ, V_$0xbe8570[29], L_0xbea698[29], L_0xbea5d0, C<1>;
L_tb.dut._s29/30 .functor MUXZ, V_$0xbe8570[30], L_0xbea698[30], L_0xbea5d0, C<1>;
L_tb.dut._s29/31 .functor MUXZ, V_$0xbe8570[31], L_0xbea698[31], L_0xbea5d0, C<1>;
L_tb.dut._s37/0 .functor MUXZ, V_$0xbe8a28[0], L_0xbe9420[0], L_0xbea600, C<1>;
L_tb.dut._s37/1 .functor MUXZ, V_$0xbe8a28[1], L_0xbe9420[1], L_0xbea600, C<1>;
L_tb.dut._s37/2 .functor MUXZ, V_$0xbe8a28[2], L_0xbe9420[2], L_0xbea600, C<1>;
L_tb.dut._s37/3 .functor MUXZ, V_$0xbe8a28[3], L_0xbe9420[3], L_0xbea600, C<1>;
L_tb.dut._s37/4 .functor MUXZ, V_$0xbe8a28[4], L_0xbe9420[4], L_0xbea600, C<1>;
L_tb.dut._s37/5 .functor MUXZ, V_$0xbe8a28[5], L_0xbe9420[5], L_0xbea600, C<1>;
L_tb.dut._s37/6 .functor MUXZ, V_$0xbe8a28[6], L_0xbe9420[6], L_0xbea600, C<1>;
L_tb.dut._s37/7 .functor MUXZ, V_$0xbe8a28[7], L_0xbe9420[7], L_0xbea600, C<1>;
L_tb.dut._s37/8 .functor MUXZ, V_$0xbe8a28[8], L_0xbe9420[8], L_0xbea600, C<1>;
L_tb.dut._s37/9 .functor MUXZ, V_$0xbe8a28[9], L_0xbe9420[9], L_0xbea600, C<1>;
L_tb.dut._s37/10 .functor MUXZ, V_$0xbe8a28[10], L_0xbe9420[10], L_0xbea600, C<1>;
L_tb.dut._s37/11 .functor MUXZ, V_$0xbe8a28[11], L_0xbe9420[11], L_0xbea600, C<1>;
L_tb.dut._s37/12 .functor MUXZ, V_$0xbe8a28[12], L_0xbe9420[12], L_0xbea600, C<1>;
L_tb.dut._s37/13 .functor MUXZ, V_$0xbe8a28[13], L_0xbe9420[13], L_0xbea600, C<1>;
L_tb.dut._s37/14 .functor MUXZ, V_$0xbe8a28[14], L_0xbe9420[14], L_0xbea600, C<1>;
L_tb.dut._s37/15 .functor MUXZ, V_$0xbe8a28[15], L_0xbe9420[15], L_0xbea600, C<1>;
L_tb.dut._s37/16 .functor MUXZ, V_$0xbe8a28[16], L_0xbe9420[16], L_0xbea600, C<1>;
L_tb.dut._s37/17 .functor MUXZ, V_$0xbe8a28[17], L_0xbe9420[17], L_0xbea600, C<1>;
L_tb.dut._s37/18 .functor MUXZ, V_$0xbe8a28[18], L_0xbe9420[18], L_0xbea600, C<1>;
L_tb.dut._s37/19 .functor MUXZ, V_$0xbe8a28[19], L_0xbe9420[19], L_0xbea600, C<1>;
L_tb.dut._s37/20 .functor MUXZ, V_$0xbe8a28[20], L_0xbe9420[20], L_0xbea600, C<1>;
L_tb.dut._s37/21 .functor MUXZ, V_$0xbe8a28[21], L_0xbe9420[21], L_0xbea600, C<1>;
L_tb.dut._s37/22 .functor MUXZ, V_$0xbe8a28[22], L_0xbe9420[22], L_0xbea600, C<1>;
L_tb.dut._s37/23 .functor MUXZ, V_$0xbe8a28[23], L_0xbe9420[23], L_0xbea600, C<1>;
L_tb.dut._s37/24 .functor MUXZ, V_$0xbe8a28[24], L_0xbe9420[24], L_0xbea600, C<1>;
L_tb.dut._s37/25 .functor MUXZ, V_$0xbe8a28[25], L_0xbe9420[25], L_0xbea600, C<1>;
L_tb.dut._s37/26 .functor MUXZ, V_$0xbe8a28[26], L_0xbe9420[26], L_0xbea600, C<1>;
L_tb.dut._s37/27 .functor MUXZ, V_$0xbe8a28[27], L_0xbe9420[27], L_0xbea600, C<1>;
L_tb.dut._s37/28 .functor MUXZ, V_$0xbe8a28[28], L_0xbe9420[28], L_0xbea600, C<1>;
L_tb.dut._s37/29 .functor MUXZ, V_$0xbe8a28[29], L_0xbe9420[29], L_0xbea600, C<1>;
L_tb.dut._s37/30 .functor MUXZ, V_$0xbe8a28[30], L_0xbe9420[30], L_0xbea600, C<1>;
L_tb.dut._s37/31 .functor MUXZ, V_$0xbe8a28[31], L_0xbe9420[31], L_0xbea600, C<1>;
L_tb.dut._s109 .cmp/ge 32, L_0xbee3f0, L_0xbee570, L_0xbea4f8, L_0xbee518, L_0xbeb4d0, L_0xbeb5a0, L_0xbee638, L_0xbeb690, L_0xbee860, L_0xbeb7a0, L_0xbee778, L_0xbeb8b0, L_0xbeea20, L_0xbeb9c0, L_0xbeb6e8, L_0xbeb908, L_0xbee928, L_0xbee980, L_0xbee9d8, L_0xbeebf8, L_0xbe97f8, L_0xbeeae8, L_0xbeeb18, L_0xbeeb48, L_0xbe9f08, L_0xbe9f38, L_0xbe9640, L_0xbe9670, L_0xbebff0, L_0xbeed30, L_0xbec090, L_0xbeb048, L_0xbed8b0, L_0xbea878, L_0xbed9d8, L_0xbeda30, L_0xbea0f0, L_0xbedb38, L_0xbedae0, L_0xbedbc8, L_0xbea290, L_0xbedb90, L_0xbedc78, L_0xbedd78, L_0xbedd08, L_0xbede48, L_0xbeddd0, L_0xbedf20, L_0xbea630, L_0xbed780, L_0xbedea0, L_0xbee008, L_0xbedf78, L_0xbedfd0, L_0xbee038, L_0xbee090, L_0xbee0f8, L_0xbee150, L_0xbee1c0, L_0xbee218, L_0xbee290, L_0xbee2c0, L_0xbeb200, L_0xbee398;
    .scope S_0xbd2fd0;
T_0 ;
    %wait E_0xbc1170;
    %load  8, V_$0xbbce88[0];
    %inv 8, 1;
    %jmp/0xz  T_0.0, 8;
    %ix/load 0, 32;
    %assign/v0 V_$0xbcf870[0], 0, 0;
    %jmp T_0.1;
T_0.0 ;
    %load  8, V_$0xbd2650[0];
    %jmp/0xz  T_0.2, 8;
    %load  8, V_$0xbd22c0[0];
    %load  9, V_$0xbd22c0[1];
    %load  10, V_$0xbd22c0[2];
    %load  11, V_$0xbd22c0[3];
    %load  12, V_$0xbd22c0[4];
    %load  13, V_$0xbd22c0[5];
    %load  14, V_$0xbd22c0[6];
    %load  15, V_$0xbd22c0[7];
    %load  16, V_$0xbd22c0[8];
    %load  17, V_$0xbd22c0[9];
    %load  18, V_$0xbd22c0[10];
    %load  19, V_$0xbd22c0[11];
    %load  20, V_$0xbd22c0[12];
    %load  21, V_$0xbd22c0[13];
    %load  22, V_$0xbd22c0[14];
    %load  23, V_$0xbd22c0[15];
    %load  24, V_$0xbd22c0[16];
    %load  25, V_$0xbd22c0[17];
    %load  26, V_$0xbd22c0[18];
    %load  27, V_$0xbd22c0[19];
    %load  28, V_$0xbd22c0[20];
    %load  29, V_$0xbd22c0[21];
    %load  30, V_$0xbd22c0[22];
    %load  31, V_$0xbd22c0[23];
    %load  32, V_$0xbd22c0[24];
    %load  33, V_$0xbd22c0[25];
    %load  34, V_$0xbd22c0[26];
    %load  35, V_$0xbd22c0[27];
    %load  36, V_$0xbd22c0[28];
    %load  37, V_$0xbd22c0[29];
    %load  38, V_$0xbd22c0[30];
    %load  39, V_$0xbd22c0[31];
    %ix/load 0, 32;
    %assign/v0 V_$0xbcf870[0], 0, 8;
T_0.2 ;
T_0.1 ;
    %load  8, V_$0xbcf790[0];
    %jmp/0xz  T_0.4, 8;
    %load  8, V_$0xbc4e90[0];
    %load  9, V_$0xbc4e90[1];
    %load  10, V_$0xbc4e90[2];
    %load  11, V_$0xbc4e90[3];
    %load  12, V_$0xbc4e90[4];
    %load  13, V_$0xbc4e90[5];
    %load  14, V_$0xbc4e90[6];
    %load  15, V_$0xbc4e90[7];
    %load  16, V_$0xbc4e90[8];
    %load  17, V_$0xbc4e90[9];
    %load  18, V_$0xbc4e90[10];
    %load  19, V_$0xbc4e90[11];
    %load  20, V_$0xbc4e90[12];
    %load  21, V_$0xbc4e90[13];
    %load  22, V_$0xbc4e90[14];
    %load  23, V_$0xbc4e90[15];
    %load  24, V_$0xbc4e90[16];
    %load  25, V_$0xbc4e90[17];
    %load  26, V_$0xbc4e90[18];
    %load  27, V_$0xbc4e90[19];
    %load  28, V_$0xbc4e90[20];
    %load  29, V_$0xbc4e90[21];
    %load  30, V_$0xbc4e90[22];
    %load  31, V_$0xbc4e90[23];
    %load  32, V_$0xbc4e90[24];
    %load  33, V_$0xbc4e90[25];
    %load  34, V_$0xbc4e90[26];
    %load  35, V_$0xbc4e90[27];
    %load  36, V_$0xbc4e90[28];
    %load  37, V_$0xbc4e90[29];
    %load  38, V_$0xbc4e90[30];
    %load  39, V_$0xbc4e90[31];
    %ix/load 0, 32;
    %assign/v0 V_$0xbc5098[0], 0, 8;
T_0.4 ;
    %jmp T_0;
    .thread T_0;
    .scope S_0xbd2fd0;
T_1 ;
    %set V_$0xbc5098[0], 0;
    %set V_$0xbc5098[1], 1;
    %set V_$0xbc5098[2], 0;
    %set V_$0xbc5098[3], 1;
    %set V_$0xbc5098[4], 0;
    %set V_$0xbc5098[5], 1;
    %set V_$0xbc5098[6], 0;
    %set V_$0xbc5098[7], 1;
    %set V_$0xbc5098[8], 0;
    %set V_$0xbc5098[9], 1;
    %set V_$0xbc5098[10], 0;
    %set V_$0xbc5098[11], 1;
    %set V_$0xbc5098[12], 0;
    %set V_$0xbc5098[13], 1;
    %set V_$0xbc5098[14], 0;
    %set V_$0xbc5098[15], 1;
    %set V_$0xbc5098[16], 0;
    %set V_$0xbc5098[17], 1;
    %set V_$0xbc5098[18], 0;
    %set V_$0xbc5098[19], 1;
    %set V_$0xbc5098[20], 0;
    %set V_$0xbc5098[21], 1;
    %set V_$0xbc5098[22], 0;
    %set V_$0xbc5098[23], 1;
    %set V_$0xbc5098[24], 0;
    %set V_$0xbc5098[25], 1;
    %set V_$0xbc5098[26], 0;
    %set V_$0xbc5098[27], 1;
    %set V_$0xbc5098[28], 0;
    %set V_$0xbc5098[29], 1;
    %set V_$0xbc5098[30], 0;
    %set V_$0xbc5098[31], 1;
    %set V_$0xbcf870[0], 0;
    %set V_$0xbcf870[1], 1;
    %set V_$0xbcf870[2], 0;
    %set V_$0xbcf870[3], 1;
    %set V_$0xbcf870[4], 0;
    %set V_$0xbcf870[5], 1;
    %set V_$0xbcf870[6], 0;
    %set V_$0xbcf870[7], 1;
    %set V_$0xbcf870[8], 0;
    %set V_$0xbcf870[9], 1;
    %set V_$0xbcf870[10], 0;
    %set V_$0xbcf870[11], 1;
    %set V_$0xbcf870[12], 0;
    %set V_$0xbcf870[13], 1;
    %set V_$0xbcf870[14], 0;
    %set V_$0xbcf870[15], 1;
    %set V_$0xbcf870[16], 0;
    %set V_$0xbcf870[17], 1;
    %set V_$0xbcf870[18], 0;
    %set V_$0xbcf870[19], 1;
    %set V_$0xbcf870[20], 0;
    %set V_$0xbcf870[21], 1;
    %set V_$0xbcf870[22], 0;
    %set V_$0xbcf870[23], 1;
    %set V_$0xbcf870[24], 0;
    %set V_$0xbcf870[25], 1;
    %set V_$0xbcf870[26], 0;
    %set V_$0xbcf870[27], 1;
    %set V_$0xbcf870[28], 0;
    %set V_$0xbcf870[29], 1;
    %set V_$0xbcf870[30], 0;
    %set V_$0xbcf870[31], 1;
    %end;
    .thread T_1;
    .scope S_0xbcf1f0;
T_2 ;
    %vpi_call "$dumpvars";
    %set V_$0xbe7ed0[0], 0;
    %set V_$0xbe8038[0], 0;
    %set/v V_$0xbe8570[0], 1, 4;
    %set/v V_$0xbe8570[4], 0, 28;
    %set V_$0xbe8a28[0], 0;
    %set/v V_$0xbe8a28[1], 1, 2;
    %set/v V_$0xbe8a28[3], 0, 29;
    %set V_$0xbe7f30[0], 0;
    %delay 100;
    %set V_$0xbe8038[0], 1;
    %delay 10000;
    %vpi_call "$finish";
    %end;
    .thread T_2;
    .scope S_0xbcf1f0;
T_3 ;
    %delay 5;
    %load/v 8, V_$0xbe7ed0[0], 1;
    %inv 8, 1;
    %set V_$0xbe7ed0[0], 8;
    %jmp T_3;
    .thread T_3;
    .scope S_0xbcf1f0;
T_4 ;
    %wait E_0xbc1170;
    %load/v 8, V_$0xbe8038[0], 1;
    %jmp/0xz  T_4.0, 8;
    %load/v 8, V_$0xbe8570[0], 32;
    %addi 8, 1, 32;
    %ix/load 0, 32;
    %assign/v0 V_$0xbe8570[0], 0, 8;
    %load/v 8, V_$0xbe8a28[0], 32;
    %addi 8, 2, 32;
    %ix/load 0, 32;
    %assign/v0 V_$0xbe8a28[0], 0, 8;
    %assign V_$0xbe7f30[0], 0, 1;
    %wait E_0xbc1170;
    %assign V_$0xbe7f30[0], 0, 0;
    %wait E_0xbc1170;
T_4.2 ;
    %load  8, V_$0xbe7fd0[0];
    %cmpi/u 8, 1, 1;
    %inv 6, 1;
    %jmp/0xz T_4.3, 6;
    %wait E_0xbbed08;
    %jmp T_4.2;
T_4.3 ;
T_4.0 ;
    %jmp T_4;
    .thread T_4;
