Number of Timing Constraints that were not applied: 2

Asterisk (*) preceding a constraint indicates it was not met.
   This may be due to a setup or hold violation.

------------------------------------------------------------------------------------------------------
  Constraint                                |  Check  | Worst Case |  Best Case | Timing |   Timing   
                                            |         |    Slack   | Achievable | Errors |    Score   
------------------------------------------------------------------------------------------------------
* TS_clock_generator_0_clock_generator_0_PL | SETUP   |     0.010ns|     4.990ns|       0|           0
  L0_CLK_OUT_0_ = PERIOD TIMEGRP         "c | HOLD    |    -0.097ns|            |       2|         181
  lock_generator_0_clock_generator_0_PLL0_C |         |            |            |        |            
  LK_OUT_0_" TS_sys_clk_pin /         2 HIG |         |            |            |        |            
  H 50%                                     |         |            |            |        |            
------------------------------------------------------------------------------------------------------
* TS_MC_GATE_DLY = MAXDELAY FROM TIMEGRP "T | SETUP   |    16.476ns|     3.524ns|       0|           0
  NM_GATE_DLY" TO TIMEGRP "FFS"         TS_ | HOLD    |    -0.021ns|            |       1|          21
  sys_clk_pin * 2                           |         |            |            |        |            
------------------------------------------------------------------------------------------------------
  TS_DQ_CE = MAXDELAY FROM TIMEGRP "TNM_DQ_ | SETUP   |     0.003ns|     1.897ns|       0|           0
  CE_IDDR" TO TIMEGRP "TNM_DQS_FLOPS"       | HOLD    |     1.013ns|            |       0|           0
     1.9 ns                                 |         |            |            |        |            
------------------------------------------------------------------------------------------------------
  NET         "DDR2_SDRAM/DDR2_SDRAM/mpmc_c | MAXDELAY|     0.012ns|     0.838ns|       0|           0
  ore_0/gen_v5_ddr2_phy.mpmc_phy_if_0/u_phy |         |            |            |        |            
  _io_0/gen_dqs[7].u_iob_dqs/en_dqs_sync"   |         |            |            |        |            
         MAXDELAY = 0.85 ns                 |         |            |            |        |            
------------------------------------------------------------------------------------------------------
  NET         "DDR2_SDRAM/DDR2_SDRAM/mpmc_c | MAXDELAY|     0.012ns|     0.838ns|       0|           0
  ore_0/gen_v5_ddr2_phy.mpmc_phy_if_0/u_phy |         |            |            |        |            
  _io_0/gen_dqs[6].u_iob_dqs/en_dqs_sync"   |         |            |            |        |            
         MAXDELAY = 0.85 ns                 |         |            |            |        |            
------------------------------------------------------------------------------------------------------
  NET         "DDR2_SDRAM/DDR2_SDRAM/mpmc_c | MAXDELAY|     0.012ns|     0.838ns|       0|           0
  ore_0/gen_v5_ddr2_phy.mpmc_phy_if_0/u_phy |         |            |            |        |            
  _io_0/gen_dqs[4].u_iob_dqs/en_dqs_sync"   |         |            |            |        |            
         MAXDELAY = 0.85 ns                 |         |            |            |        |            
------------------------------------------------------------------------------------------------------
  NET         "DDR2_SDRAM/DDR2_SDRAM/mpmc_c | MAXDELAY|     0.012ns|     0.838ns|       0|           0
  ore_0/gen_v5_ddr2_phy.mpmc_phy_if_0/u_phy |         |            |            |        |            
  _io_0/gen_dqs[3].u_iob_dqs/en_dqs_sync"   |         |            |            |        |            
         MAXDELAY = 0.85 ns                 |         |            |            |        |            
------------------------------------------------------------------------------------------------------
  NET         "DDR2_SDRAM/DDR2_SDRAM/mpmc_c | MAXDELAY|     0.012ns|     0.838ns|       0|           0
  ore_0/gen_v5_ddr2_phy.mpmc_phy_if_0/u_phy |         |            |            |        |            
  _io_0/gen_dqs[2].u_iob_dqs/en_dqs_sync"   |         |            |            |        |            
         MAXDELAY = 0.85 ns                 |         |            |            |        |            
------------------------------------------------------------------------------------------------------
  NET         "DDR2_SDRAM/DDR2_SDRAM/mpmc_c | MAXDELAY|     0.015ns|     0.835ns|       0|           0
  ore_0/gen_v5_ddr2_phy.mpmc_phy_if_0/u_phy |         |            |            |        |            
  _io_0/gen_dqs[5].u_iob_dqs/en_dqs_sync"   |         |            |            |        |            
         MAXDELAY = 0.85 ns                 |         |            |            |        |            
------------------------------------------------------------------------------------------------------
  NET         "DDR2_SDRAM/DDR2_SDRAM/mpmc_c | MAXDELAY|     0.015ns|     0.835ns|       0|           0
  ore_0/gen_v5_ddr2_phy.mpmc_phy_if_0/u_phy |         |            |            |        |            
  _io_0/gen_dqs[0].u_iob_dqs/en_dqs_sync"   |         |            |            |        |            
         MAXDELAY = 0.85 ns                 |         |            |            |        |            
------------------------------------------------------------------------------------------------------
  NET         "DDR2_SDRAM/DDR2_SDRAM/mpmc_c | MAXDELAY|     0.015ns|     0.835ns|       0|           0
  ore_0/gen_v5_ddr2_phy.mpmc_phy_if_0/u_phy |         |            |            |        |            
  _io_0/gen_dqs[1].u_iob_dqs/en_dqs_sync"   |         |            |            |        |            
         MAXDELAY = 0.85 ns                 |         |            |            |        |            
------------------------------------------------------------------------------------------------------
  NET         "DDR2_SDRAM/DDR2_SDRAM/mpmc_c | MAXDELAY|     0.069ns|     0.531ns|       0|           0
  ore_0/gen_v5_ddr2_phy.mpmc_phy_if_0/u_phy |         |            |            |        |            
  _io_0/en_dqs<4>"         MAXDELAY = 0.6 n |         |            |            |        |            
  s                                         |         |            |            |        |            
------------------------------------------------------------------------------------------------------
  NET         "DDR2_SDRAM/DDR2_SDRAM/mpmc_c | MAXDELAY|     0.073ns|     0.527ns|       0|           0
  ore_0/gen_v5_ddr2_phy.mpmc_phy_if_0/u_phy |         |            |            |        |            
  _io_0/en_dqs<6>"         MAXDELAY = 0.6 n |         |            |            |        |            
  s                                         |         |            |            |        |            
------------------------------------------------------------------------------------------------------
  NET         "DDR2_SDRAM/DDR2_SDRAM/mpmc_c | MAXDELAY|     0.073ns|     0.527ns|       0|           0
  ore_0/gen_v5_ddr2_phy.mpmc_phy_if_0/u_phy |         |            |            |        |            
  _io_0/en_dqs<3>"         MAXDELAY = 0.6 n |         |            |            |        |            
  s                                         |         |            |            |        |            
------------------------------------------------------------------------------------------------------
  NET         "DDR2_SDRAM/DDR2_SDRAM/mpmc_c | MAXDELAY|     0.079ns|     0.521ns|       0|           0
  ore_0/gen_v5_ddr2_phy.mpmc_phy_if_0/u_phy |         |            |            |        |            
  _io_0/en_dqs<0>"         MAXDELAY = 0.6 n |         |            |            |        |            
  s                                         |         |            |            |        |            
------------------------------------------------------------------------------------------------------
  NET         "DDR2_SDRAM/DDR2_SDRAM/mpmc_c | MAXDELAY|     0.079ns|     0.521ns|       0|           0
  ore_0/gen_v5_ddr2_phy.mpmc_phy_if_0/u_phy |         |            |            |        |            
  _io_0/en_dqs<1>"         MAXDELAY = 0.6 n |         |            |            |        |            
  s                                         |         |            |            |        |            
------------------------------------------------------------------------------------------------------
  NET         "DDR2_SDRAM/DDR2_SDRAM/mpmc_c | MAXDELAY|     0.079ns|     0.521ns|       0|           0
  ore_0/gen_v5_ddr2_phy.mpmc_phy_if_0/u_phy |         |            |            |        |            
  _io_0/en_dqs<2>"         MAXDELAY = 0.6 n |         |            |            |        |            
  s                                         |         |            |            |        |            
------------------------------------------------------------------------------------------------------
  NET         "DDR2_SDRAM/DDR2_SDRAM/mpmc_c | MAXDELAY|     0.079ns|     0.521ns|       0|           0
  ore_0/gen_v5_ddr2_phy.mpmc_phy_if_0/u_phy |         |            |            |        |            
  _io_0/en_dqs<5>"         MAXDELAY = 0.6 n |         |            |            |        |            
  s                                         |         |            |            |        |            
------------------------------------------------------------------------------------------------------
  NET         "DDR2_SDRAM/DDR2_SDRAM/mpmc_c | MAXDELAY|     0.079ns|     0.521ns|       0|           0
  ore_0/gen_v5_ddr2_phy.mpmc_phy_if_0/u_phy |         |            |            |        |            
  _io_0/en_dqs<7>"         MAXDELAY = 0.6 n |         |            |            |        |            
  s                                         |         |            |            |        |            
------------------------------------------------------------------------------------------------------
  TS_clock_generator_0_clock_generator_0_PL | SETUP   |     0.111ns|     4.889ns|       0|           0
  L0_CLK_OUT_1_ = PERIOD TIMEGRP         "c | HOLD    |     0.359ns|            |       0|           0
  lock_generator_0_clock_generator_0_PLL0_C |         |            |            |        |            
  LK_OUT_1_" TS_sys_clk_pin /         2 PHA |         |            |            |        |            
  SE 1.25 ns HIGH 50%                       |         |            |            |        |            
------------------------------------------------------------------------------------------------------
  TS_clock_generator_0_clock_generator_0_PL | SETUP   |     0.116ns|     9.884ns|       0|           0
  L0_CLK_OUT_2_ = PERIOD TIMEGRP         "c | HOLD    |     0.002ns|            |       0|           0
  lock_generator_0_clock_generator_0_PLL0_C |         |            |            |        |            
  LK_OUT_2_" TS_sys_clk_pin         HIGH 50 |         |            |            |        |            
  %                                         |         |            |            |        |            
------------------------------------------------------------------------------------------------------
  TS_MC_RD_DATA_SEL = MAXDELAY FROM TIMEGRP | SETUP   |    14.238ns|     5.762ns|       0|           0
   "TNM_RD_DATA_SEL" TO TIMEGRP "FFS"       | HOLD    |     0.242ns|            |       0|           0
     TS_sys_clk_pin * 2                     |         |            |            |        |            
------------------------------------------------------------------------------------------------------
  TS_MC_PHY_INIT_DATA_SEL_90 = MAXDELAY FRO | SETUP   |    16.490ns|     3.510ns|       0|           0
  M TIMEGRP "TNM_PHY_INIT_DATA_SEL" TO      | HOLD    |     0.595ns|            |       0|           0
      TIMEGRP "FFS" TS_sys_clk_pin * 2      |         |            |            |        |            
------------------------------------------------------------------------------------------------------
  TS_MC_RDEN_DLY = MAXDELAY FROM TIMEGRP "T | SETUP   |    17.652ns|     2.348ns|       0|           0
  NM_RDEN_DLY" TO TIMEGRP "FFS"         TS_ | HOLD    |     0.171ns|            |       0|           0
  sys_clk_pin * 2                           |         |            |            |        |            
------------------------------------------------------------------------------------------------------
  TS_MC_CAL_RDEN_DLY = MAXDELAY FROM TIMEGR | SETUP   |    18.112ns|     1.888ns|       0|           0
  P "TNM_CAL_RDEN_DLY" TO TIMEGRP "FFS"     | HOLD    |     0.050ns|            |       0|           0
       TS_sys_clk_pin * 2                   |         |            |            |        |            
------------------------------------------------------------------------------------------------------
  TS_sys_clk_pin = PERIOD TIMEGRP "sys_clk_ | N/A     |         N/A|         N/A|     N/A|         N/A
  pin" 10 ns HIGH 50%                       |         |            |            |        |            
------------------------------------------------------------------------------------------------------
  TS_MC_PHY_INIT_DATA_SEL_0 = MAXDELAY FROM | N/A     |         N/A|         N/A|     N/A|         N/A
   TIMEGRP "TNM_PHY_INIT_DATA_SEL" TO       |         |            |            |        |            
     TIMEGRP "FFS" TS_sys_clk_pin * 2       |         |            |            |        |            
------------------------------------------------------------------------------------------------------


Derived Constraint Report
Derived Constraints for TS_sys_clk_pin
+-------------------------------+-------------+-------------+-------------+-------------+-------------+-------------+-------------+
|                               |   Period    |       Actual Period       |      Timing Errors        |      Paths Analyzed       |
|           Constraint          | Requirement |-------------+-------------|-------------+-------------|-------------+-------------|
|                               |             |   Direct    | Derivative  |   Direct    | Derivative  |   Direct    | Derivative  |
+-------------------------------+-------------+-------------+-------------+-------------+-------------+-------------+-------------+
|TS_sys_clk_pin                 |     10.000ns|          N/A|      9.980ns|            0|            3|            0|       355463|
| TS_MC_RD_DATA_SEL             |     20.000ns|      5.762ns|          N/A|            0|            0|          384|            0|
| TS_MC_PHY_INIT_DATA_SEL_0     |     20.000ns|          N/A|          N/A|            0|            0|            0|            0|
| TS_MC_PHY_INIT_DATA_SEL_90    |     20.000ns|      3.510ns|          N/A|            0|            0|           34|            0|
| TS_MC_GATE_DLY                |     20.000ns|      3.524ns|          N/A|            1|            0|           40|            0|
| TS_MC_RDEN_DLY                |     20.000ns|      2.348ns|          N/A|            0|            0|            5|            0|
| TS_MC_CAL_RDEN_DLY            |     20.000ns|      1.888ns|          N/A|            0|            0|            5|            0|
| TS_clock_generator_0_clock_gen|      5.000ns|      4.990ns|          N/A|            2|            0|         6708|            0|
| erator_0_PLL0_CLK_OUT_0_      |             |             |             |             |             |             |             |
| TS_clock_generator_0_clock_gen|      5.000ns|      4.889ns|          N/A|            0|            0|          894|            0|
| erator_0_PLL0_CLK_OUT_1_      |             |             |             |             |             |             |             |
| TS_clock_generator_0_clock_gen|     10.000ns|      9.884ns|          N/A|            0|            0|       347393|            0|
| erator_0_PLL0_CLK_OUT_2_      |             |             |             |             |             |             |             |
+-------------------------------+-------------+-------------+-------------+-------------+-------------+-------------+-------------+

2 constraints not met.
INFO:Timing:2761 - N/A entries in the Constraints list may indicate that the 
   constraint does not cover any paths or that it has no requested value.


