Release 10.1.03 Xflow K.39 (nt)
Copyright (c) 1995-2008 Xilinx, Inc.  All rights reserved.
xflow.exe -wd implementation -p xc5vlx110tff1136-1 -implement xflow.opt
system.ngc  
PMSPEC -- Overriding Xilinx file <g:/Xilinx/10.1/EDK/virtex5/data/virtex5.acd>
with local file <g:/Xilinx/10.1/ISE/virtex5/data/virtex5.acd>

Using Flow File: G:/work/dcc_v5/implementation/fpga.flw 
Using Option File(s): 
 G:/work/dcc_v5/implementation/xflow.opt 

Creating Script File ... 

#----------------------------------------------#
# Starting program ngdbuild
# ngdbuild -p xc5vlx110tff1136-1 -nt timestamp -bm system.bmm
"G:/work/dcc_v5/implementation/system.ngc" -uc system.ucf system.ngd 
#----------------------------------------------#
Release 10.1.03 - ngdbuild K.39 (nt)
Copyright (c) 1995-2008 Xilinx, Inc.  All rights reserved.
PMSPEC -- Overriding Xilinx file <g:/Xilinx/10.1/EDK/virtex5/data/virtex5.acd>
with local file <g:/Xilinx/10.1/ISE/virtex5/data/virtex5.acd>

Command Line: ngdbuild -p xc5vlx110tff1136-1 -nt timestamp -bm system.bmm
G:/work/dcc_v5/implementation/system.ngc -uc system.ucf system.ngd

Reading NGO file "G:/work/dcc_v5/implementation/system.ngc" ...
Loading design module
"G:/work/dcc_v5/implementation/microblaze_0_wrapper.ngc"...
Loading design module "G:/work/dcc_v5/implementation/mb_plb_wrapper.ngc"...
Loading design module "G:/work/dcc_v5/implementation/ilmb_wrapper.ngc"...
Loading design module "G:/work/dcc_v5/implementation/dlmb_wrapper.ngc"...
Loading design module "G:/work/dcc_v5/implementation/dlmb_cntlr_wrapper.ngc"...
Loading design module "G:/work/dcc_v5/implementation/ilmb_cntlr_wrapper.ngc"...
Loading design module "G:/work/dcc_v5/implementation/lmb_bram_wrapper.ngc"...
Loading design module
"G:/work/dcc_v5/implementation/rs232_uart_1_wrapper.ngc"...
Loading design module "G:/work/dcc_v5/implementation/ddr2_sdram_wrapper.ngc"...
Loading design module
"G:/work/dcc_v5/implementation/clock_generator_0_wrapper.ngc"...
Loading design module
"G:/work/dcc_v5/implementation/debug_module_wrapper.ngc"...
Loading design module
"G:/work/dcc_v5/implementation/proc_sys_reset_0_wrapper.ngc"...
Loading design module
"G:/work/dcc_v5/implementation/aes_accel_0_to_microblaze_0_wrapper.ngc"...
Loading design module "G:/work/dcc_v5/implementation/aes_accel_0_wrapper.ngc"...
Loading design module
"G:/work/dcc_v5/implementation/microblaze_0_to_aes_accel_0_wrapper.ngc"...
Loading design module
"G:/work/dcc_v5/implementation/tlb_bram_0_to_microblaze_0_wrapper.ngc"...
Loading design module "G:/work/dcc_v5/implementation/tlb_bram_0_wrapper.ngc"...
Loading design module
"G:/work/dcc_v5/implementation/microblaze_0_to_tlb_bram_0_wrapper.ngc"...
Gathering constraint information from source properties...
Done.

Applying constraints in "system.ucf" to the design...
Resolving constraint associations...
Checking Constraint Associations...
INFO:ConstraintSystem:178 - TNM 'sys_clk_pin', used in period specification
   'TS_sys_clk_pin', was traced into PLL_ADV instance
   clock_generator_0/Using_PLL0.PLL0_INST/PLL_INST/Using_PLL_ADV.PLL_ADV_inst.
   The following new TNM groups and period specifications were generated at the
   PLL_ADV output(s): 
   CLKOUT0: <TIMESPEC TS_clock_generator_0_clock_generator_0_PLL0_CLK_OUT_0_ =
   PERIOD "clock_generator_0_clock_generator_0_PLL0_CLK_OUT_0_" TS_sys_clk_pin /
   2 HIGH 50%>

INFO:ConstraintSystem:178 - TNM 'sys_clk_pin', used in period specification
   'TS_sys_clk_pin', was traced into PLL_ADV instance
   clock_generator_0/Using_PLL0.PLL0_INST/PLL_INST/Using_PLL_ADV.PLL_ADV_inst.
   The following new TNM groups and period specifications were generated at the
   PLL_ADV output(s): 
   CLKOUT1: <TIMESPEC TS_clock_generator_0_clock_generator_0_PLL0_CLK_OUT_1_ =
   PERIOD "clock_generator_0_clock_generator_0_PLL0_CLK_OUT_1_" TS_sys_clk_pin /
   2 PHASE 1250 ps HIGH 50%>

INFO:ConstraintSystem:178 - TNM 'sys_clk_pin', used in period specification
   'TS_sys_clk_pin', was traced into PLL_ADV instance
   clock_generator_0/Using_PLL0.PLL0_INST/PLL_INST/Using_PLL_ADV.PLL_ADV_inst.
   The following new TNM groups and period specifications were generated at the
   PLL_ADV output(s): 
   CLKOUT2: <TIMESPEC TS_clock_generator_0_clock_generator_0_PLL0_CLK_OUT_2_ =
   PERIOD "clock_generator_0_clock_generator_0_PLL0_CLK_OUT_2_" TS_sys_clk_pin
   HIGH 50%>

Done...
Checking Partitions ...

Processing BMM file ...

Checking expanded design ...
WARNING:NgdBuild:486 - Attribute "SIM_MODE" is not allowed on symbol
   "microblaze_0/Performance.Data_Flow_I/MUL_Unit_I/Use_HW_MUL.Using_DSP48_Archi
   tectures.No_MUL64.dsp_module_I3/Using_Virtex5.DSP48E_I1" of type "DSP48E". 
   This attribute will be ignored.
WARNING:NgdBuild:486 - Attribute "SIM_MODE" is not allowed on symbol
   "microblaze_0/Performance.Data_Flow_I/MUL_Unit_I/Use_HW_MUL.Using_DSP48_Archi
   tectures.No_MUL64.dsp_module_I2/Using_Virtex5.DSP48E_I1" of type "DSP48E". 
   This attribute will be ignored.
WARNING:NgdBuild:486 - Attribute "SIM_MODE" is not allowed on symbol
   "microblaze_0/Performance.Data_Flow_I/MUL_Unit_I/Use_HW_MUL.Using_DSP48_Archi
   tectures.dsp_module_I1/Using_Virtex5.DSP48E_I1" of type "DSP48E".  This
   attribute will be ignored.
WARNING:NgdBuild:443 - SFF primitive
   'DDR2_SDRAM/DDR2_SDRAM/mpmc_core_0/gen_v5_ddr2_phy.mpmc_phy_if_0/u_phy_io_0/u
   _phy_calib_0/gen_rden[1].u_calib_rden_r' has unconnected output pin
WARNING:NgdBuild:443 - SFF primitive
   'DDR2_SDRAM/DDR2_SDRAM/mpmc_core_0/gen_v5_ddr2_phy.mpmc_phy_if_0/u_phy_io_0/u
   _phy_calib_0/gen_rden[2].u_calib_rden_r' has unconnected output pin
WARNING:NgdBuild:443 - SFF primitive
   'DDR2_SDRAM/DDR2_SDRAM/mpmc_core_0/gen_v5_ddr2_phy.mpmc_phy_if_0/u_phy_io_0/u
   _phy_calib_0/gen_rden[3].u_calib_rden_r' has unconnected output pin
WARNING:NgdBuild:443 - SFF primitive
   'DDR2_SDRAM/DDR2_SDRAM/mpmc_core_0/gen_v5_ddr2_phy.mpmc_phy_if_0/u_phy_io_0/u
   _phy_calib_0/gen_rden[4].u_calib_rden_r' has unconnected output pin
WARNING:NgdBuild:443 - SFF primitive
   'DDR2_SDRAM/DDR2_SDRAM/mpmc_core_0/gen_v5_ddr2_phy.mpmc_phy_if_0/u_phy_io_0/u
   _phy_calib_0/gen_rden[5].u_calib_rden_r' has unconnected output pin
WARNING:NgdBuild:443 - SFF primitive
   'DDR2_SDRAM/DDR2_SDRAM/mpmc_core_0/gen_v5_ddr2_phy.mpmc_phy_if_0/u_phy_io_0/u
   _phy_calib_0/gen_rden[6].u_calib_rden_r' has unconnected output pin
WARNING:NgdBuild:443 - SFF primitive
   'DDR2_SDRAM/DDR2_SDRAM/mpmc_core_0/gen_v5_ddr2_phy.mpmc_phy_if_0/u_phy_io_0/u
   _phy_calib_0/gen_rden[7].u_calib_rden_r' has unconnected output pin
WARNING:NgdBuild:452 - logical net 'N100' has no driver
WARNING:NgdBuild:452 - logical net 'N101' has no driver
WARNING:NgdBuild:452 - logical net 'N102' has no driver
WARNING:NgdBuild:452 - logical net 'N103' has no driver
WARNING:NgdBuild:452 - logical net 'N104' has no driver
WARNING:NgdBuild:452 - logical net 'N105' has no driver
WARNING:NgdBuild:452 - logical net 'N106' has no driver
WARNING:NgdBuild:452 - logical net 'N107' has no driver
WARNING:NgdBuild:452 - logical net 'N108' has no driver
WARNING:NgdBuild:452 - logical net 'N109' has no driver
WARNING:NgdBuild:452 - logical net 'N110' has no driver
WARNING:NgdBuild:452 - logical net 'N111' has no driver
WARNING:NgdBuild:452 - logical net 'N112' has no driver
WARNING:NgdBuild:452 - logical net 'N113' has no driver
WARNING:NgdBuild:452 - logical net 'N114' has no driver
WARNING:NgdBuild:452 - logical net 'N115' has no driver
WARNING:NgdBuild:452 - logical net 'N116' has no driver
WARNING:NgdBuild:452 - logical net 'N117' has no driver
WARNING:NgdBuild:452 - logical net 'N118' has no driver
WARNING:NgdBuild:452 - logical net 'N119' has no driver
WARNING:NgdBuild:452 - logical net 'N120' has no driver
WARNING:NgdBuild:452 - logical net 'N121' has no driver
WARNING:NgdBuild:452 - logical net 'N122' has no driver
WARNING:NgdBuild:452 - logical net 'N123' has no driver
WARNING:NgdBuild:452 - logical net 'N124' has no driver
WARNING:NgdBuild:452 - logical net 'N125' has no driver
WARNING:NgdBuild:452 - logical net 'N126' has no driver
WARNING:NgdBuild:452 - logical net 'N127' has no driver
WARNING:NgdBuild:452 - logical net 'N128' has no driver
WARNING:NgdBuild:452 - logical net 'N129' has no driver
WARNING:NgdBuild:452 - logical net 'N130' has no driver
WARNING:NgdBuild:452 - logical net 'N131' has no driver
WARNING:NgdBuild:452 - logical net 'N132' has no driver
WARNING:NgdBuild:452 - logical net 'N133' has no driver
WARNING:NgdBuild:452 - logical net 'N134' has no driver
WARNING:NgdBuild:452 - logical net 'N135' has no driver
WARNING:NgdBuild:452 - logical net 'N136' has no driver
WARNING:NgdBuild:452 - logical net 'N137' has no driver
WARNING:NgdBuild:452 - logical net 'N138' has no driver
WARNING:NgdBuild:452 - logical net 'N139' has no driver
WARNING:NgdBuild:452 - logical net 'N140' has no driver
WARNING:NgdBuild:452 - logical net 'N141' has no driver
WARNING:NgdBuild:452 - logical net 'N142' has no driver
WARNING:NgdBuild:452 - logical net 'N143' has no driver
WARNING:NgdBuild:452 - logical net 'N144' has no driver
WARNING:NgdBuild:452 - logical net 'N145' has no driver
WARNING:NgdBuild:452 - logical net 'N146' has no driver
WARNING:NgdBuild:452 - logical net 'N147' has no driver
WARNING:NgdBuild:452 - logical net 'N148' has no driver
WARNING:NgdBuild:452 - logical net 'N149' has no driver
WARNING:NgdBuild:452 - logical net 'N150' has no driver
WARNING:NgdBuild:452 - logical net 'N151' has no driver
WARNING:NgdBuild:452 - logical net 'N152' has no driver
WARNING:NgdBuild:452 - logical net 'N153' has no driver
WARNING:NgdBuild:452 - logical net 'N154' has no driver
WARNING:NgdBuild:452 - logical net 'N155' has no driver
WARNING:NgdBuild:452 - logical net 'N156' has no driver
WARNING:NgdBuild:452 - logical net 'N157' has no driver
WARNING:NgdBuild:452 - logical net 'N158' has no driver
WARNING:NgdBuild:452 - logical net 'N159' has no driver
WARNING:NgdBuild:452 - logical net 'N160' has no driver
WARNING:NgdBuild:452 - logical net 'N161' has no driver
WARNING:NgdBuild:452 - logical net 'N82' has no driver
WARNING:NgdBuild:452 - logical net 'N83' has no driver
WARNING:NgdBuild:452 - logical net 'N84' has no driver
WARNING:NgdBuild:452 - logical net 'N85' has no driver
WARNING:NgdBuild:452 - logical net 'N86' has no driver
WARNING:NgdBuild:452 - logical net 'N87' has no driver
WARNING:NgdBuild:452 - logical net 'N88' has no driver
WARNING:NgdBuild:452 - logical net 'N89' has no driver
WARNING:NgdBuild:452 - logical net 'N90' has no driver
WARNING:NgdBuild:452 - logical net 'N91' has no driver
WARNING:NgdBuild:452 - logical net 'N92' has no driver
WARNING:NgdBuild:452 - logical net 'N93' has no driver
WARNING:NgdBuild:452 - logical net 'N94' has no driver
WARNING:NgdBuild:452 - logical net 'N95' has no driver
WARNING:NgdBuild:452 - logical net 'N96' has no driver
WARNING:NgdBuild:452 - logical net 'N97' has no driver
WARNING:NgdBuild:452 - logical net 'N98' has no driver
WARNING:NgdBuild:452 - logical net 'N99' has no driver
WARNING:NgdBuild:478 - clock net debug_module/bscan_drck1 with clock driver
   debug_module/debug_module/BUFG_DRCK1 drives no clock pins

Partition Implementation Status
-------------------------------

  No Partitions were found in this design.

-------------------------------

NGDBUILD Design Results Summary:
  Number of errors:     0
  Number of warnings:  91

Writing NGD file "system.ngd" ...

Writing NGDBUILD log file "system.bld"...

NGDBUILD done.



#----------------------------------------------#
# Starting program map
# map -o system_map.ncd -w -pr b -ol high -timing system.ngd system.pcf 
#----------------------------------------------#
Release 10.1.03 - Map K.39 (nt)
Copyright (c) 1995-2008 Xilinx, Inc.  All rights reserved.
PMSPEC -- Overriding Xilinx file <g:/Xilinx/10.1/EDK/data/Xdh_PrimTypeLib.xda>
with local file <g:/Xilinx/10.1/ISE/data/Xdh_PrimTypeLib.xda>
Using target part "5vlx110tff1136-1".
Mapping design into LUTs...
Writing file system_map.ngm...
Running directed packing...
Running delay-based LUT packing...
INFO:Map:215 - The Interim Design Summary has been generated in the MAP Report
   (.mrp).
Running timing-driven packing...

Phase 1.1
Phase 1.1 (Checksum:9294bd3) REAL time: 1 mins 9 secs 

Phase 2.7
Phase 2.7 (Checksum:9294bd3) REAL time: 1 mins 10 secs 

Phase 3.31
Phase 3.31 (Checksum:92acebb) REAL time: 1 mins 10 secs 

Phase 4.33
Phase 4.33 (Checksum:92acebb) REAL time: 2 mins 31 secs 

Phase 5.32
Phase 5.32 (Checksum:92acebb) REAL time: 2 mins 38 secs 

Phase 6.2



There are 16 clock regions on the target FPGA device:
|------------------------------------------|------------------------------------------|
| CLOCKREGION_X0Y7:                        | CLOCKREGION_X1Y7:                        |
|   2 BUFRs available, 0 in use            |   2 BUFRs available, 0 in use            |
|   4 Regional Clock Spines, 0 in use      |   4 Regional Clock Spines, 0 in use      |
|   4 edge BUFIOs available, 0 in use      |   4 edge BUFIOs available, 0 in use      |
|   4 center BUFIOs available, 0 in use    |                                          |
|                                          |                                          |
|------------------------------------------|------------------------------------------|
| CLOCKREGION_X0Y6:                        | CLOCKREGION_X1Y6:                        |
|   2 BUFRs available, 0 in use            |   2 BUFRs available, 0 in use            |
|   4 Regional Clock Spines, 0 in use      |   4 Regional Clock Spines, 0 in use      |
|   4 edge BUFIOs available, 3 in use      |   4 edge BUFIOs available, 0 in use      |
|   0 center BUFIOs available, 0 in use    |                                          |
|                                          |                                          |
|------------------------------------------|------------------------------------------|
| CLOCKREGION_X0Y5:                        | CLOCKREGION_X1Y5:                        |
|   2 BUFRs available, 0 in use            |   2 BUFRs available, 0 in use            |
|   4 Regional Clock Spines, 0 in use      |   4 Regional Clock Spines, 0 in use      |
|   4 edge BUFIOs available, 0 in use      |   4 edge BUFIOs available, 0 in use      |
|   2 center BUFIOs available, 0 in use    |                                          |
|                                          |                                          |
|------------------------------------------|------------------------------------------|
| CLOCKREGION_X0Y4:                        | CLOCKREGION_X1Y4:                        |
|   2 BUFRs available, 0 in use            |   2 BUFRs available, 0 in use            |
|   4 Regional Clock Spines, 0 in use      |   4 Regional Clock Spines, 0 in use      |
|   4 edge BUFIOs available, 0 in use      |   4 edge BUFIOs available, 0 in use      |
|   2 center BUFIOs available, 0 in use    |                                          |
|                                          |                                          |
|------------------------------------------|------------------------------------------|
| CLOCKREGION_X0Y3:                        | CLOCKREGION_X1Y3:                        |
|   2 BUFRs available, 0 in use            |   2 BUFRs available, 0 in use            |
|   4 Regional Clock Spines, 0 in use      |   4 Regional Clock Spines, 0 in use      |
|   4 edge BUFIOs available, 0 in use      |   4 edge BUFIOs available, 0 in use      |
|   2 center BUFIOs available, 0 in use    |                                          |
|                                          |                                          |
|------------------------------------------|------------------------------------------|
| CLOCKREGION_X0Y2:                        | CLOCKREGION_X1Y2:                        |
|   2 BUFRs available, 0 in use            |   2 BUFRs available, 0 in use            |
|   4 Regional Clock Spines, 0 in use      |   4 Regional Clock Spines, 0 in use      |
|   4 edge BUFIOs available, 3 in use      |   4 edge BUFIOs available, 0 in use      |
|   2 center BUFIOs available, 0 in use    |                                          |
|                                          |                                          |
|------------------------------------------|------------------------------------------|
| CLOCKREGION_X0Y1:                        | CLOCKREGION_X1Y1:                        |
|   2 BUFRs available, 0 in use            |   2 BUFRs available, 0 in use            |
|   4 Regional Clock Spines, 0 in use      |   4 Regional Clock Spines, 0 in use      |
|   4 edge BUFIOs available, 2 in use      |   4 edge BUFIOs available, 0 in use      |
|   0 center BUFIOs available, 0 in use    |                                          |
|                                          |                                          |
|------------------------------------------|------------------------------------------|
| CLOCKREGION_X0Y0:                        | CLOCKREGION_X1Y0:                        |
|   2 BUFRs available, 0 in use            |   2 BUFRs available, 0 in use            |
|   4 Regional Clock Spines, 0 in use      |   4 Regional Clock Spines, 0 in use      |
|   4 edge BUFIOs available, 0 in use      |   4 edge BUFIOs available, 0 in use      |
|   4 center BUFIOs available, 0 in use    |                                          |
|                                          |                                          |
|------------------------------------------|------------------------------------------|


Clock-Region: <CLOCKREGION_X0Y1>
  key resource utilizations (used/available): edge-bufios - 2/4; bufrs - 0/2; regional-clock-spines - 0/4
|-----------------------------------------------------------------------------------------------------------------------------------------------------------
|       |    clock    | BRAM |     |    |        |        |       |       |       |      |      |     |      |
|       |    region   | FIFO | DCM | GT | ILOGIC | OLOGIC |   FF  |  LUTM |  LUTL | MULT | EMAC | PPC | PCIe | <- (Types of Resources in Clock Region)
|-------|-------------|------|-----|----|--------|--------|-------|-------|-------|------|------|-----|------|----------------------------------------------
|       | Upper Region|   8  |  2  |  0 |   60   |   60   |  3840 |  2080 |  5600 |   8  |   0  |  0  |   0  | <- Available resources in the upper region
|-------|-------------|------|-----|----|--------|--------|-------|-------|-------|------|------|-----|------|----------------------------------------------
|       |CurrentRegion|   8  |  4  |  0 |   40   |   40   |  3840 |  2080 |  5600 |   8  |   0  |  0  |   0  | <- Available resources in the current region
|-------|-------------|------|-----|----|--------|--------|-------|-------|-------|------|------|-----|------|----------------------------------------------
|       | Lower Region|   8  |  0  |  0 |   80   |   80   |  3840 |  2080 |  5600 |   8  |   0  |  0  |   0  | <- Available resources in the lower region
|-------|-------------|------|-----|----|--------|--------|-------|-------|-------|------|------|-----|------|----------------------------------------------
| clock |    region   |                                                                                      -----------------------------------------------
|  type |  expansion  |                                                                                      | <IO/Regional clock Net Name>
|-------|-------------|------|-----|----|--------|--------|-------|-------|-------|------|------|-----|------|----------------------------------------------
| BUFIO |             |   0  |  0  |  0 |    9   |    0   |     0 |     0 |     0 |   0  |   0  |  0  |   0  | "DDR2_SDRAM/DDR2_SDRAM/mpmc_core_0/gen_v5_ddr2_phy.mpmc_phy_if_0/u_phy_io_0/delayed_dqs<1>"
|-------|-------------|------|-----|----|--------|--------|-------|-------|-------|------|------|-----|------|----------------------------------------------
| BUFIO |             |   0  |  0  |  0 |    9   |    0   |     0 |     0 |     0 |   0  |   0  |  0  |   0  | "DDR2_SDRAM/DDR2_SDRAM/mpmc_core_0/gen_v5_ddr2_phy.mpmc_phy_if_0/u_phy_io_0/delayed_dqs<2>"
|-------|-------------|------|-----|----|--------|--------|-------|-------|-------|------|------|-----|------|----------------------------------------------


Clock-Region: <CLOCKREGION_X0Y2>
  key resource utilizations (used/available): edge-bufios - 3/4; center-bufios - 0/2; bufrs - 0/2; regional-clock-spines - 0/4
|-----------------------------------------------------------------------------------------------------------------------------------------------------------
|       |    clock    | BRAM |     |    |        |        |       |       |       |      |      |     |      |
|       |    region   | FIFO | DCM | GT | ILOGIC | OLOGIC |   FF  |  LUTM |  LUTL | MULT | EMAC | PPC | PCIe | <- (Types of Resources in Clock Region)
|-------|-------------|------|-----|----|--------|--------|-------|-------|-------|------|------|-----|------|----------------------------------------------
|       | Upper Region|   8  |  0  |  0 |   60   |   60   |  3840 |  2080 |  5600 |   8  |   0  |  0  |   0  | <- Available resources in the upper region
|-------|-------------|------|-----|----|--------|--------|-------|-------|-------|------|------|-----|------|----------------------------------------------
|       |CurrentRegion|   8  |  2  |  0 |   60   |   60   |  3840 |  2080 |  5600 |   8  |   0  |  0  |   0  | <- Available resources in the current region
|-------|-------------|------|-----|----|--------|--------|-------|-------|-------|------|------|-----|------|----------------------------------------------
|       | Lower Region|   8  |  4  |  0 |   40   |   40   |  3840 |  2080 |  5600 |   8  |   0  |  0  |   0  | <- Available resources in the lower region
|-------|-------------|------|-----|----|--------|--------|-------|-------|-------|------|------|-----|------|----------------------------------------------
| clock |    region   |                                                                                      -----------------------------------------------
|  type |  expansion  |                                                                                      | <IO/Regional clock Net Name>
|-------|-------------|------|-----|----|--------|--------|-------|-------|-------|------|------|-----|------|----------------------------------------------
| BUFIO |             |   0  |  0  |  0 |    9   |    0   |     0 |     0 |     0 |   0  |   0  |  0  |   0  | "DDR2_SDRAM/DDR2_SDRAM/mpmc_core_0/gen_v5_ddr2_phy.mpmc_phy_if_0/u_phy_io_0/delayed_dqs<0>"
|-------|-------------|------|-----|----|--------|--------|-------|-------|-------|------|------|-----|------|----------------------------------------------
| BUFIO |             |   0  |  0  |  0 |    9   |    0   |     0 |     0 |     0 |   0  |   0  |  0  |   0  | "DDR2_SDRAM/DDR2_SDRAM/mpmc_core_0/gen_v5_ddr2_phy.mpmc_phy_if_0/u_phy_io_0/delayed_dqs<4>"
|-------|-------------|------|-----|----|--------|--------|-------|-------|-------|------|------|-----|------|----------------------------------------------
| BUFIO |             |   0  |  0  |  0 |    9   |    0   |     0 |     0 |     0 |   0  |   0  |  0  |   0  | "DDR2_SDRAM/DDR2_SDRAM/mpmc_core_0/gen_v5_ddr2_phy.mpmc_phy_if_0/u_phy_io_0/delayed_dqs<3>"
|-------|-------------|------|-----|----|--------|--------|-------|-------|-------|------|------|-----|------|----------------------------------------------


Clock-Region: <CLOCKREGION_X0Y6>
  key resource utilizations (used/available): edge-bufios - 3/4; bufrs - 0/2; regional-clock-spines - 0/4
|-----------------------------------------------------------------------------------------------------------------------------------------------------------
|       |    clock    | BRAM |     |    |        |        |       |       |       |      |      |     |      |
|       |    region   | FIFO | DCM | GT | ILOGIC | OLOGIC |   FF  |  LUTM |  LUTL | MULT | EMAC | PPC | PCIe | <- (Types of Resources in Clock Region)
|-------|-------------|------|-----|----|--------|--------|-------|-------|-------|------|------|-----|------|----------------------------------------------
|       | Upper Region|   8  |  0  |  0 |   80   |   80   |  3840 |  2080 |  5600 |   8  |   0  |  0  |   0  | <- Available resources in the upper region
|-------|-------------|------|-----|----|--------|--------|-------|-------|-------|------|------|-----|------|----------------------------------------------
|       |CurrentRegion|   8  |  4  |  0 |   40   |   40   |  3840 |  2080 |  5600 |   8  |   0  |  0  |   0  | <- Available resources in the current region
|-------|-------------|------|-----|----|--------|--------|-------|-------|-------|------|------|-----|------|----------------------------------------------
|       | Lower Region|   8  |  2  |  0 |   60   |   60   |  3840 |  2080 |  5600 |   8  |   0  |  0  |   0  | <- Available resources in the lower region
|-------|-------------|------|-----|----|--------|--------|-------|-------|-------|------|------|-----|------|----------------------------------------------
| clock |    region   |                                                                                      -----------------------------------------------
|  type |  expansion  |                                                                                      | <IO/Regional clock Net Name>
|-------|-------------|------|-----|----|--------|--------|-------|-------|-------|------|------|-----|------|----------------------------------------------
| BUFIO |             |   0  |  0  |  0 |    9   |    0   |     0 |     0 |     0 |   0  |   0  |  0  |   0  | "DDR2_SDRAM/DDR2_SDRAM/mpmc_core_0/gen_v5_ddr2_phy.mpmc_phy_if_0/u_phy_io_0/delayed_dqs<7>"
|-------|-------------|------|-----|----|--------|--------|-------|-------|-------|------|------|-----|------|----------------------------------------------
| BUFIO |             |   0  |  0  |  0 |    9   |    0   |     0 |     0 |     0 |   0  |   0  |  0  |   0  | "DDR2_SDRAM/DDR2_SDRAM/mpmc_core_0/gen_v5_ddr2_phy.mpmc_phy_if_0/u_phy_io_0/delayed_dqs<5>"
|-------|-------------|------|-----|----|--------|--------|-------|-------|-------|------|------|-----|------|----------------------------------------------
| BUFIO |             |   0  |  0  |  0 |    9   |    0   |     0 |     0 |     0 |   0  |   0  |  0  |   0  | "DDR2_SDRAM/DDR2_SDRAM/mpmc_core_0/gen_v5_ddr2_phy.mpmc_phy_if_0/u_phy_io_0/delayed_dqs<6>"
|-------|-------------|------|-----|----|--------|--------|-------|-------|-------|------|------|-----|------|----------------------------------------------




######################################################################################
# REGIONAL CLOCKING RESOURCE DISTRIBUTION UCF REPORT:
#
# Number of Regional Clocking Regions in the device: 16  (4 clock spines in each)
# Number of Regional Clock Networks used in this design: 8 (each network can be
# composed of up to 3 clock spines and cover up to 3 regional clock regions)
# 
######################################################################################

# IO-Clock "DDR2_SDRAM/DDR2_SDRAM/mpmc_core_0/gen_v5_ddr2_phy.mpmc_phy_if_0/u_phy_io_0/delayed_dqs<7>" driven by
"BUFIO_X0Y27"
INST "DDR2_SDRAM/DDR2_SDRAM/mpmc_core_0/gen_v5_ddr2_phy.mpmc_phy_if_0/u_phy_io_0/gen_dqs[7].u_iob_dqs/u_bufio_dqs" LOC =
"BUFIO_X0Y27" ;
NET "DDR2_SDRAM/DDR2_SDRAM/mpmc_core_0/gen_v5_ddr2_phy.mpmc_phy_if_0/u_phy_io_0/delayed_dqs<7>" TNM_NET =
"TN_DDR2_SDRAM/DDR2_SDRAM/mpmc_core_0/gen_v5_ddr2_phy.mpmc_phy_if_0/u_phy_io_0/delayed_dqs<7>" ;
TIMEGRP "TN_DDR2_SDRAM/DDR2_SDRAM/mpmc_core_0/gen_v5_ddr2_phy.mpmc_phy_if_0/u_phy_io_0/delayed_dqs<7>" AREA_GROUP =
"CLKAG_DDR2_SDRAM/DDR2_SDRAM/mpmc_core_0/gen_v5_ddr2_phy.mpmc_phy_if_0/u_phy_io_0/delayed_dqs<7>" ;
AREA_GROUP "CLKAG_DDR2_SDRAM/DDR2_SDRAM/mpmc_core_0/gen_v5_ddr2_phy.mpmc_phy_if_0/u_phy_io_0/delayed_dqs<7>" RANGE =
CLOCKREGION_X0Y6;


# IO-Clock "DDR2_SDRAM/DDR2_SDRAM/mpmc_core_0/gen_v5_ddr2_phy.mpmc_phy_if_0/u_phy_io_0/delayed_dqs<0>" driven by
"BUFIO_X0Y9"
INST "DDR2_SDRAM/DDR2_SDRAM/mpmc_core_0/gen_v5_ddr2_phy.mpmc_phy_if_0/u_phy_io_0/gen_dqs[0].u_iob_dqs/u_bufio_dqs" LOC =
"BUFIO_X0Y9" ;
NET "DDR2_SDRAM/DDR2_SDRAM/mpmc_core_0/gen_v5_ddr2_phy.mpmc_phy_if_0/u_phy_io_0/delayed_dqs<0>" TNM_NET =
"TN_DDR2_SDRAM/DDR2_SDRAM/mpmc_core_0/gen_v5_ddr2_phy.mpmc_phy_if_0/u_phy_io_0/delayed_dqs<0>" ;
TIMEGRP "TN_DDR2_SDRAM/DDR2_SDRAM/mpmc_core_0/gen_v5_ddr2_phy.mpmc_phy_if_0/u_phy_io_0/delayed_dqs<0>" AREA_GROUP =
"CLKAG_DDR2_SDRAM/DDR2_SDRAM/mpmc_core_0/gen_v5_ddr2_phy.mpmc_phy_if_0/u_phy_io_0/delayed_dqs<0>" ;
AREA_GROUP "CLKAG_DDR2_SDRAM/DDR2_SDRAM/mpmc_core_0/gen_v5_ddr2_phy.mpmc_phy_if_0/u_phy_io_0/delayed_dqs<0>" RANGE =
CLOCKREGION_X0Y2;


# IO-Clock "DDR2_SDRAM/DDR2_SDRAM/mpmc_core_0/gen_v5_ddr2_phy.mpmc_phy_if_0/u_phy_io_0/delayed_dqs<4>" driven by
"BUFIO_X0Y11"
INST "DDR2_SDRAM/DDR2_SDRAM/mpmc_core_0/gen_v5_ddr2_phy.mpmc_phy_if_0/u_phy_io_0/gen_dqs[4].u_iob_dqs/u_bufio_dqs" LOC =
"BUFIO_X0Y11" ;
NET "DDR2_SDRAM/DDR2_SDRAM/mpmc_core_0/gen_v5_ddr2_phy.mpmc_phy_if_0/u_phy_io_0/delayed_dqs<4>" TNM_NET =
"TN_DDR2_SDRAM/DDR2_SDRAM/mpmc_core_0/gen_v5_ddr2_phy.mpmc_phy_if_0/u_phy_io_0/delayed_dqs<4>" ;
TIMEGRP "TN_DDR2_SDRAM/DDR2_SDRAM/mpmc_core_0/gen_v5_ddr2_phy.mpmc_phy_if_0/u_phy_io_0/delayed_dqs<4>" AREA_GROUP =
"CLKAG_DDR2_SDRAM/DDR2_SDRAM/mpmc_core_0/gen_v5_ddr2_phy.mpmc_phy_if_0/u_phy_io_0/delayed_dqs<4>" ;
AREA_GROUP "CLKAG_DDR2_SDRAM/DDR2_SDRAM/mpmc_core_0/gen_v5_ddr2_phy.mpmc_phy_if_0/u_phy_io_0/delayed_dqs<4>" RANGE =
CLOCKREGION_X0Y2;


# IO-Clock "DDR2_SDRAM/DDR2_SDRAM/mpmc_core_0/gen_v5_ddr2_phy.mpmc_phy_if_0/u_phy_io_0/delayed_dqs<1>" driven by
"BUFIO_X0Y4"
INST "DDR2_SDRAM/DDR2_SDRAM/mpmc_core_0/gen_v5_ddr2_phy.mpmc_phy_if_0/u_phy_io_0/gen_dqs[1].u_iob_dqs/u_bufio_dqs" LOC =
"BUFIO_X0Y4" ;
NET "DDR2_SDRAM/DDR2_SDRAM/mpmc_core_0/gen_v5_ddr2_phy.mpmc_phy_if_0/u_phy_io_0/delayed_dqs<1>" TNM_NET =
"TN_DDR2_SDRAM/DDR2_SDRAM/mpmc_core_0/gen_v5_ddr2_phy.mpmc_phy_if_0/u_phy_io_0/delayed_dqs<1>" ;
TIMEGRP "TN_DDR2_SDRAM/DDR2_SDRAM/mpmc_core_0/gen_v5_ddr2_phy.mpmc_phy_if_0/u_phy_io_0/delayed_dqs<1>" AREA_GROUP =
"CLKAG_DDR2_SDRAM/DDR2_SDRAM/mpmc_core_0/gen_v5_ddr2_phy.mpmc_phy_if_0/u_phy_io_0/delayed_dqs<1>" ;
AREA_GROUP "CLKAG_DDR2_SDRAM/DDR2_SDRAM/mpmc_core_0/gen_v5_ddr2_phy.mpmc_phy_if_0/u_phy_io_0/delayed_dqs<1>" RANGE =
CLOCKREGION_X0Y1;


# IO-Clock "DDR2_SDRAM/DDR2_SDRAM/mpmc_core_0/gen_v5_ddr2_phy.mpmc_phy_if_0/u_phy_io_0/delayed_dqs<5>" driven by
"BUFIO_X0Y25"
INST "DDR2_SDRAM/DDR2_SDRAM/mpmc_core_0/gen_v5_ddr2_phy.mpmc_phy_if_0/u_phy_io_0/gen_dqs[5].u_iob_dqs/u_bufio_dqs" LOC =
"BUFIO_X0Y25" ;
NET "DDR2_SDRAM/DDR2_SDRAM/mpmc_core_0/gen_v5_ddr2_phy.mpmc_phy_if_0/u_phy_io_0/delayed_dqs<5>" TNM_NET =
"TN_DDR2_SDRAM/DDR2_SDRAM/mpmc_core_0/gen_v5_ddr2_phy.mpmc_phy_if_0/u_phy_io_0/delayed_dqs<5>" ;
TIMEGRP "TN_DDR2_SDRAM/DDR2_SDRAM/mpmc_core_0/gen_v5_ddr2_phy.mpmc_phy_if_0/u_phy_io_0/delayed_dqs<5>" AREA_GROUP =
"CLKAG_DDR2_SDRAM/DDR2_SDRAM/mpmc_core_0/gen_v5_ddr2_phy.mpmc_phy_if_0/u_phy_io_0/delayed_dqs<5>" ;
AREA_GROUP "CLKAG_DDR2_SDRAM/DDR2_SDRAM/mpmc_core_0/gen_v5_ddr2_phy.mpmc_phy_if_0/u_phy_io_0/delayed_dqs<5>" RANGE =
CLOCKREGION_X0Y6;


# IO-Clock "DDR2_SDRAM/DDR2_SDRAM/mpmc_core_0/gen_v5_ddr2_phy.mpmc_phy_if_0/u_phy_io_0/delayed_dqs<2>" driven by
"BUFIO_X0Y7"
INST "DDR2_SDRAM/DDR2_SDRAM/mpmc_core_0/gen_v5_ddr2_phy.mpmc_phy_if_0/u_phy_io_0/gen_dqs[2].u_iob_dqs/u_bufio_dqs" LOC =
"BUFIO_X0Y7" ;
NET "DDR2_SDRAM/DDR2_SDRAM/mpmc_core_0/gen_v5_ddr2_phy.mpmc_phy_if_0/u_phy_io_0/delayed_dqs<2>" TNM_NET =
"TN_DDR2_SDRAM/DDR2_SDRAM/mpmc_core_0/gen_v5_ddr2_phy.mpmc_phy_if_0/u_phy_io_0/delayed_dqs<2>" ;
TIMEGRP "TN_DDR2_SDRAM/DDR2_SDRAM/mpmc_core_0/gen_v5_ddr2_phy.mpmc_phy_if_0/u_phy_io_0/delayed_dqs<2>" AREA_GROUP =
"CLKAG_DDR2_SDRAM/DDR2_SDRAM/mpmc_core_0/gen_v5_ddr2_phy.mpmc_phy_if_0/u_phy_io_0/delayed_dqs<2>" ;
AREA_GROUP "CLKAG_DDR2_SDRAM/DDR2_SDRAM/mpmc_core_0/gen_v5_ddr2_phy.mpmc_phy_if_0/u_phy_io_0/delayed_dqs<2>" RANGE =
CLOCKREGION_X0Y1;


# IO-Clock "DDR2_SDRAM/DDR2_SDRAM/mpmc_core_0/gen_v5_ddr2_phy.mpmc_phy_if_0/u_phy_io_0/delayed_dqs<6>" driven by
"BUFIO_X0Y26"
INST "DDR2_SDRAM/DDR2_SDRAM/mpmc_core_0/gen_v5_ddr2_phy.mpmc_phy_if_0/u_phy_io_0/gen_dqs[6].u_iob_dqs/u_bufio_dqs" LOC =
"BUFIO_X0Y26" ;
NET "DDR2_SDRAM/DDR2_SDRAM/mpmc_core_0/gen_v5_ddr2_phy.mpmc_phy_if_0/u_phy_io_0/delayed_dqs<6>" TNM_NET =
"TN_DDR2_SDRAM/DDR2_SDRAM/mpmc_core_0/gen_v5_ddr2_phy.mpmc_phy_if_0/u_phy_io_0/delayed_dqs<6>" ;
TIMEGRP "TN_DDR2_SDRAM/DDR2_SDRAM/mpmc_core_0/gen_v5_ddr2_phy.mpmc_phy_if_0/u_phy_io_0/delayed_dqs<6>" AREA_GROUP =
"CLKAG_DDR2_SDRAM/DDR2_SDRAM/mpmc_core_0/gen_v5_ddr2_phy.mpmc_phy_if_0/u_phy_io_0/delayed_dqs<6>" ;
AREA_GROUP "CLKAG_DDR2_SDRAM/DDR2_SDRAM/mpmc_core_0/gen_v5_ddr2_phy.mpmc_phy_if_0/u_phy_io_0/delayed_dqs<6>" RANGE =
CLOCKREGION_X0Y6;


# IO-Clock "DDR2_SDRAM/DDR2_SDRAM/mpmc_core_0/gen_v5_ddr2_phy.mpmc_phy_if_0/u_phy_io_0/delayed_dqs<3>" driven by
"BUFIO_X0Y10"
INST "DDR2_SDRAM/DDR2_SDRAM/mpmc_core_0/gen_v5_ddr2_phy.mpmc_phy_if_0/u_phy_io_0/gen_dqs[3].u_iob_dqs/u_bufio_dqs" LOC =
"BUFIO_X0Y10" ;
NET "DDR2_SDRAM/DDR2_SDRAM/mpmc_core_0/gen_v5_ddr2_phy.mpmc_phy_if_0/u_phy_io_0/delayed_dqs<3>" TNM_NET =
"TN_DDR2_SDRAM/DDR2_SDRAM/mpmc_core_0/gen_v5_ddr2_phy.mpmc_phy_if_0/u_phy_io_0/delayed_dqs<3>" ;
TIMEGRP "TN_DDR2_SDRAM/DDR2_SDRAM/mpmc_core_0/gen_v5_ddr2_phy.mpmc_phy_if_0/u_phy_io_0/delayed_dqs<3>" AREA_GROUP =
"CLKAG_DDR2_SDRAM/DDR2_SDRAM/mpmc_core_0/gen_v5_ddr2_phy.mpmc_phy_if_0/u_phy_io_0/delayed_dqs<3>" ;
AREA_GROUP "CLKAG_DDR2_SDRAM/DDR2_SDRAM/mpmc_core_0/gen_v5_ddr2_phy.mpmc_phy_if_0/u_phy_io_0/delayed_dqs<3>" RANGE =
CLOCKREGION_X0Y2;


.....
Phase 6.2 (Checksum:935653f) REAL time: 2 mins 52 secs 

Phase 7.30
Phase 7.30 (Checksum:935653f) REAL time: 2 mins 52 secs 

Phase 8.3
Phase 8.3 (Checksum:935653f) REAL time: 2 mins 53 secs 

Phase 9.5
Phase 9.5 (Checksum:935653f) REAL time: 2 mins 54 secs 

Phase 10.8
........................................
...........................
.............................
..........................
.......................
.........................................................
....................................
...............
Phase 10.8 (Checksum:5da4147a) REAL time: 4 mins 5 secs 

Phase 11.29
Phase 11.29 (Checksum:5da4147a) REAL time: 4 mins 5 secs 

Phase 12.5
Phase 12.5 (Checksum:5da4147a) REAL time: 4 mins 7 secs 

Phase 13.18
Phase 13.18 (Checksum:5ed5139f) REAL time: 6 mins 14 secs 

Phase 14.5
Phase 14.5 (Checksum:5ed5139f) REAL time: 6 mins 16 secs 

Phase 15.34
Phase 15.34 (Checksum:5ed5139f) REAL time: 6 mins 16 secs 

REAL time consumed by placer: 6 mins 18 secs 
CPU  time consumed by placer: 5 mins 51 secs 

Design Summary:
Number of errors:      0
Number of warnings:   27
Slice Logic Utilization:
  Number of Slice Registers:                 5,709 out of  69,120    8%
    Number used as Flip Flops:               5,674
    Number used as Latches:                     33
    Number used as Latch-thrus:                  2
  Number of Slice LUTs:                      5,662 out of  69,120    8%
    Number used as logic:                    5,346 out of  69,120    7%
      Number using O6 output only:           5,176
      Number using O5 output only:              78
      Number using O5 and O6:                   92
    Number used as Memory:                     296 out of  17,920    1%
      Number used as Dual Port RAM:             64
        Number using O5 and O6:                 64
      Number used as Shift Register:           232
        Number using O6 output only:           231
        Number using O5 output only:             1
    Number used as exclusive route-thru:        20
  Number of route-thrus:                       107 out of 138,240    1%
    Number using O6 output only:                87
    Number using O5 output only:                 9
    Number using O5 and O6:                     11

Slice Logic Distribution:
  Number of occupied Slices:                 2,848 out of  17,280   16%
  Number of LUT Flip Flop pairs used:        8,140
    Number with an unused Flip Flop:         2,431 out of   8,140   29%
    Number with an unused LUT:               2,478 out of   8,140   30%
    Number of fully used LUT-FF pairs:       3,231 out of   8,140   39%
    Number of unique control sets:             466
    Number of slice register sites lost
      to control set restrictions:           1,037 out of  69,120    1%

  A LUT Flip Flop pair for this architecture represents one LUT paired with
  one Flip Flop within a slice.  A control set is a unique combination of
  clock, reset, set, and enable signals for a registered element.
  The Slice Logic Distribution report is not meaningful if the design is
  over-mapped for a non-slice resource or if Placement fails.

IO Utilization:
  Number of bonded IOBs:                       120 out of     640   18%
    IOB Flip Flops:                            271

Specific Feature Utilization:
  Number of BlockRAM/FIFO:                      23 out of     148   15%
    Number using BlockRAM only:                 23
    Total primitives used:
      Number of 36k BlockRAM used:              11
      Number of 18k BlockRAM used:              24
    Total Memory used (KB):                    828 out of   5,328   15%
  Number of BUFG/BUFGCTRLs:                      6 out of      32   18%
    Number used as BUFGs:                        6
  Number of BSCANs:                              1 out of       4   25%
  Number of BUFIOs:                              8 out of      80   10%
  Number of DSP48Es:                             3 out of      64    4%
  Number of PLL_ADVs:                            1 out of       6   16%

  Number of RPM macros:           64
Peak Memory Usage:  663 MB
Total REAL time to MAP completion:  7 mins 41 secs 
Total CPU time to MAP completion:   7 mins 7 secs 

Mapping completed.
See MAP report file "system_map.mrp" for details.



#----------------------------------------------#
# Starting program par
# par -w -ol high system_map.ncd system.ncd system.pcf 
#----------------------------------------------#
Release 10.1.03 - par K.39 (nt)
Copyright (c) 1995-2008 Xilinx, Inc.  All rights reserved.
PMSPEC -- Overriding Xilinx file <g:/Xilinx/10.1/EDK/data/parBmgr.acd> with local file
<g:/Xilinx/10.1/ISE/data/parBmgr.acd>



Constraints file: system.pcf.
Loading device for application Rf_Device from file '5vlx110t.nph' in environment g:\Xilinx\10.1\ISE;g:\Xilinx\10.1\EDK.
   "system" is an NCD, version 3.2, device xc5vlx110t, package ff1136, speed -1

Initializing temperature to 85.000 Celsius. (default - Range: 0.000 to 85.000 Celsius)
Initializing voltage to 0.950 Volts. (default - Range: 0.950 to 1.050 Volts)

INFO:Timing:3377 - Intersecting Constraints found and resolved.  For more information see the TSI report.

Device speed data version:  "PRODUCTION 1.62 2008-08-19".



Device Utilization Summary:

   Number of BSCANs                          1 out of 4      25%
   Number of BUFGs                           6 out of 32     18%
   Number of BUFIOs                          8 out of 80     10%
   Number of DSP48Es                         3 out of 64      4%
   Number of IDELAYCTRLs                     3 out of 22     13%
      Number of LOCed IDELAYCTRLs            3 out of 3     100%

   Number of ILOGICs                        74 out of 800     9%
      Number of LOCed ILOGICs                8 out of 74     10%

   Number of External IOBs                 120 out of 640    18%
      Number of LOCed IOBs                 120 out of 120   100%

   Number of IODELAYs                       80 out of 800    10%
      Number of LOCed IODELAYs               8 out of 80     10%

   Number of OLOGICs                       117 out of 800    14%
   Number of PLL_ADVs                        1 out of 6      16%
   Number of RAMB18X2s                      12 out of 148     8%
   Number of RAMB36_EXPs                    11 out of 148     7%
   Number of Slice Registers              5709 out of 69120   8%
      Number used as Flip Flops           5674
      Number used as Latches                33
      Number used as LatchThrus              2

   Number of Slice LUTS                   5662 out of 69120   8%
   Number of Slice LUT-Flip Flop pairs    8140 out of 69120  11%


Overall effort level (-ol):   High 
Router effort level (-rl):    High 

Starting initial Timing Analysis.  REAL time: 49 secs 
Finished initial Timing Analysis.  REAL time: 50 secs 

Starting Router

INFO:Route - One or more directed routing (DIRT) constraints generated for a specific device have been found. Note that
   DIRT strings are guaranteed to work only on the same device they were created for. If the DIRT constraints fail,
   verify that the same connectivity is available in the target device for this implementation. 

# of EXACT MODE DIRECTED ROUTING found:128, SUCCESS:127, FAILED:1

Phase 1: 37137 unrouted;       REAL time: 1 mins 3 secs 

Phase 2: 31817 unrouted;       REAL time: 1 mins 8 secs 

Phase 3: 12440 unrouted;       REAL time: 1 mins 33 secs 

Phase 4: 12440 unrouted; (95921)      REAL time: 1 mins 48 secs 

Phase 5: 12433 unrouted; (200)      REAL time: 1 mins 54 secs 

Phase 6: 12433 unrouted; (200)      REAL time: 1 mins 55 secs 

Phase 7: 0 unrouted; (202)      REAL time: 2 mins 29 secs 

Updating file: system.ncd with current fully routed design.

Phase 8: 0 unrouted; (202)      REAL time: 2 mins 36 secs 

Phase 9: 0 unrouted; (202)      REAL time: 2 mins 37 secs 

Phase 10: 0 unrouted; (0)      REAL time: 3 mins 1 secs 

Total REAL time to Router completion: 3 mins 6 secs 
Total CPU time to Router completion: 2 mins 58 secs 

Partition Implementation Status
-------------------------------

  No Partitions were found in this design.

-------------------------------

Generating "PAR" statistics.

**************************
Generating Clock Report
**************************

+---------------------+--------------+------+------+------------+-------------+
|        Clock Net    |   Resource   |Locked|Fanout|Net Skew(ns)|Max Delay(ns)|
+---------------------+--------------+------+------+------------+-------------+
|  dlmb_port_BRAM_Clk | BUFGCTRL_X0Y1| No   | 1622 |  0.569     |  2.103      |
+---------------------+--------------+------+------+------------+-------------+
|DDR2_SDRAM_mpmc_clk_ |              |      |      |            |             |
|                   s | BUFGCTRL_X0Y5| No   |  674 |  0.497     |  2.126      |
+---------------------+--------------+------+------+------------+-------------+
|DDR2_SDRAM_mpmc_clk_ |              |      |      |            |             |
|                90_s | BUFGCTRL_X0Y0| No   |  159 |  0.243     |  2.046      |
+---------------------+--------------+------+------+------------+-------------+
|debug_module/Dbg_Clk |              |      |      |            |             |
|                  _1 | BUFGCTRL_X0Y4| No   |   67 |  0.340     |  1.868      |
+---------------------+--------------+------+------+------------+-------------+
|DDR2_SDRAM/DDR2_SDRA |              |      |      |            |             |
|M/mpmc_core_0/gen_v5 |              |      |      |            |             |
|_ddr2_phy.mpmc_phy_i |              |      |      |            |             |
|f_0/u_phy_io_0/delay |              |      |      |            |             |
|           ed_dqs<0> |        IO Clk| No   |   18 |  0.095     |  0.419      |
+---------------------+--------------+------+------+------------+-------------+
|DDR2_SDRAM/DDR2_SDRA |              |      |      |            |             |
|M/mpmc_core_0/gen_v5 |              |      |      |            |             |
|_ddr2_phy.mpmc_phy_i |              |      |      |            |             |
|f_0/u_phy_io_0/delay |              |      |      |            |             |
|           ed_dqs<1> |        IO Clk| No   |   18 |  0.083     |  0.380      |
+---------------------+--------------+------+------+------------+-------------+
|DDR2_SDRAM/DDR2_SDRA |              |      |      |            |             |
|M/mpmc_core_0/gen_v5 |              |      |      |            |             |
|_ddr2_phy.mpmc_phy_i |              |      |      |            |             |
|f_0/u_phy_io_0/delay |              |      |      |            |             |
|           ed_dqs<2> |        IO Clk| No   |   18 |  0.101     |  0.425      |
+---------------------+--------------+------+------+------------+-------------+
|DDR2_SDRAM/DDR2_SDRA |              |      |      |            |             |
|M/mpmc_core_0/gen_v5 |              |      |      |            |             |
|_ddr2_phy.mpmc_phy_i |              |      |      |            |             |
|f_0/u_phy_io_0/delay |              |      |      |            |             |
|           ed_dqs<3> |        IO Clk| No   |   18 |  0.107     |  0.404      |
+---------------------+--------------+------+------+------------+-------------+
|DDR2_SDRAM/DDR2_SDRA |              |      |      |            |             |
|M/mpmc_core_0/gen_v5 |              |      |      |            |             |
|_ddr2_phy.mpmc_phy_i |              |      |      |            |             |
|f_0/u_phy_io_0/delay |              |      |      |            |             |
|           ed_dqs<5> |        IO Clk| No   |   18 |  0.101     |  0.425      |
+---------------------+--------------+------+------+------------+-------------+
|DDR2_SDRAM/DDR2_SDRA |              |      |      |            |             |
|M/mpmc_core_0/gen_v5 |              |      |      |            |             |
|_ddr2_phy.mpmc_phy_i |              |      |      |            |             |
|f_0/u_phy_io_0/delay |              |      |      |            |             |
|           ed_dqs<4> |        IO Clk| No   |   18 |  0.101     |  0.425      |
+---------------------+--------------+------+------+------------+-------------+
|DDR2_SDRAM/DDR2_SDRA |              |      |      |            |             |
|M/mpmc_core_0/gen_v5 |              |      |      |            |             |
|_ddr2_phy.mpmc_phy_i |              |      |      |            |             |
|f_0/u_phy_io_0/delay |              |      |      |            |             |
|           ed_dqs<6> |        IO Clk| No   |   18 |  0.096     |  0.393      |
+---------------------+--------------+------+------+------------+-------------+
|DDR2_SDRAM/DDR2_SDRA |              |      |      |            |             |
|M/mpmc_core_0/gen_v5 |              |      |      |            |             |
|_ddr2_phy.mpmc_phy_i |              |      |      |            |             |
|f_0/u_phy_io_0/delay |              |      |      |            |             |
|           ed_dqs<7> |        IO Clk| No   |   18 |  0.101     |  0.425      |
+---------------------+--------------+------+------+------------+-------------+
|tlb_bram_0/tlb_bram_ |              |      |      |            |             |
| 0/fsm_cs_cmp_eq0001 | BUFGCTRL_X0Y2| No   |    8 |  0.047     |  1.689      |
+---------------------+--------------+------+------+------------+-------------+
|debug_module/Dbg_Upd |              |      |      |            |             |
|               ate_1 |         Local|      |   16 |  3.158     |  4.269      |
+---------------------+--------------+------+------+------------+-------------+

* Net Skew is the difference between the minimum and maximum routing
only delays for the net. Note this is different from Clock Skew which
is reported in TRCE timing report. Clock Skew is the difference between
the minimum and maximum path delays which includes logic delays.

Timing Score: 0

INFO:Timing:2761 - N/A entries in the Constraints list may indicate that the constraint does not cover any paths or that it has no
   requested value.
Number of Timing Constraints that were not applied: 2

Asterisk (*) preceding a constraint indicates it was not met.
   This may be due to a setup or hold violation.

------------------------------------------------------------------------------------------------------
  Constraint                                |  Check  | Worst Case |  Best Case | Timing |   Timing   
                                            |         |    Slack   | Achievable | Errors |    Score   
------------------------------------------------------------------------------------------------------
  TS_DQ_CE = MAXDELAY FROM TIMEGRP "TNM_DQ_ | SETUP   |     0.010ns|     1.890ns|       0|           0
  CE_IDDR" TO TIMEGRP "TNM_DQS_FLOPS"       | HOLD    |     1.020ns|            |       0|           0
     1.9 ns                                 |         |            |            |        |            
------------------------------------------------------------------------------------------------------
  NET         "DDR2_SDRAM/DDR2_SDRAM/mpmc_c | MAXDELAY|     0.012ns|     0.838ns|       0|           0
  ore_0/gen_v5_ddr2_phy.mpmc_phy_if_0/u_phy |         |            |            |        |            
  _io_0/gen_dqs[7].u_iob_dqs/en_dqs_sync"   |         |            |            |        |            
         MAXDELAY = 0.85 ns                 |         |            |            |        |            
------------------------------------------------------------------------------------------------------
  NET         "DDR2_SDRAM/DDR2_SDRAM/mpmc_c | MAXDELAY|     0.012ns|     0.838ns|       0|           0
  ore_0/gen_v5_ddr2_phy.mpmc_phy_if_0/u_phy |         |            |            |        |            
  _io_0/gen_dqs[6].u_iob_dqs/en_dqs_sync"   |         |            |            |        |            
         MAXDELAY = 0.85 ns                 |         |            |            |        |            
------------------------------------------------------------------------------------------------------
  NET         "DDR2_SDRAM/DDR2_SDRAM/mpmc_c | MAXDELAY|     0.012ns|     0.838ns|       0|           0
  ore_0/gen_v5_ddr2_phy.mpmc_phy_if_0/u_phy |         |            |            |        |            
  _io_0/gen_dqs[4].u_iob_dqs/en_dqs_sync"   |         |            |            |        |            
         MAXDELAY = 0.85 ns                 |         |            |            |        |            
------------------------------------------------------------------------------------------------------
  NET         "DDR2_SDRAM/DDR2_SDRAM/mpmc_c | MAXDELAY|     0.012ns|     0.838ns|       0|           0
  ore_0/gen_v5_ddr2_phy.mpmc_phy_if_0/u_phy |         |            |            |        |            
  _io_0/gen_dqs[3].u_iob_dqs/en_dqs_sync"   |         |            |            |        |            
         MAXDELAY = 0.85 ns                 |         |            |            |        |            
------------------------------------------------------------------------------------------------------
  NET         "DDR2_SDRAM/DDR2_SDRAM/mpmc_c | MAXDELAY|     0.012ns|     0.838ns|       0|           0
  ore_0/gen_v5_ddr2_phy.mpmc_phy_if_0/u_phy |         |            |            |        |            
  _io_0/gen_dqs[2].u_iob_dqs/en_dqs_sync"   |         |            |            |        |            
         MAXDELAY = 0.85 ns                 |         |            |            |        |            
------------------------------------------------------------------------------------------------------
  NET         "DDR2_SDRAM/DDR2_SDRAM/mpmc_c | MAXDELAY|     0.015ns|     0.835ns|       0|           0
  ore_0/gen_v5_ddr2_phy.mpmc_phy_if_0/u_phy |         |            |            |        |            
  _io_0/gen_dqs[5].u_iob_dqs/en_dqs_sync"   |         |            |            |        |            
         MAXDELAY = 0.85 ns                 |         |            |            |        |            
------------------------------------------------------------------------------------------------------
  NET         "DDR2_SDRAM/DDR2_SDRAM/mpmc_c | MAXDELAY|     0.015ns|     0.835ns|       0|           0
  ore_0/gen_v5_ddr2_phy.mpmc_phy_if_0/u_phy |         |            |            |        |            
  _io_0/gen_dqs[0].u_iob_dqs/en_dqs_sync"   |         |            |            |        |            
         MAXDELAY = 0.85 ns                 |         |            |            |        |            
------------------------------------------------------------------------------------------------------
  NET         "DDR2_SDRAM/DDR2_SDRAM/mpmc_c | MAXDELAY|     0.015ns|     0.835ns|       0|           0
  ore_0/gen_v5_ddr2_phy.mpmc_phy_if_0/u_phy |         |            |            |        |            
  _io_0/gen_dqs[1].u_iob_dqs/en_dqs_sync"   |         |            |            |        |            
         MAXDELAY = 0.85 ns                 |         |            |            |        |            
------------------------------------------------------------------------------------------------------
  TS_clock_generator_0_clock_generator_0_PL | SETUP   |     0.023ns|     4.977ns|       0|           0
  L0_CLK_OUT_0_ = PERIOD TIMEGRP         "c | HOLD    |     0.006ns|            |       0|           0
  lock_generator_0_clock_generator_0_PLL0_C |         |            |            |        |            
  LK_OUT_0_" TS_sys_clk_pin /         2 HIG |         |            |            |        |            
  H 50%                                     |         |            |            |        |            
------------------------------------------------------------------------------------------------------
  NET         "DDR2_SDRAM/DDR2_SDRAM/mpmc_c | MAXDELAY|     0.069ns|     0.531ns|       0|           0
  ore_0/gen_v5_ddr2_phy.mpmc_phy_if_0/u_phy |         |            |            |        |            
  _io_0/en_dqs<4>"         MAXDELAY = 0.6 n |         |            |            |        |            
  s                                         |         |            |            |        |            
------------------------------------------------------------------------------------------------------
  NET         "DDR2_SDRAM/DDR2_SDRAM/mpmc_c | MAXDELAY|     0.073ns|     0.527ns|       0|           0
  ore_0/gen_v5_ddr2_phy.mpmc_phy_if_0/u_phy |         |            |            |        |            
  _io_0/en_dqs<6>"         MAXDELAY = 0.6 n |         |            |            |        |            
  s                                         |         |            |            |        |            
------------------------------------------------------------------------------------------------------
  NET         "DDR2_SDRAM/DDR2_SDRAM/mpmc_c | MAXDELAY|     0.073ns|     0.527ns|       0|           0
  ore_0/gen_v5_ddr2_phy.mpmc_phy_if_0/u_phy |         |            |            |        |            
  _io_0/en_dqs<3>"         MAXDELAY = 0.6 n |         |            |            |        |            
  s                                         |         |            |            |        |            
------------------------------------------------------------------------------------------------------
  NET         "DDR2_SDRAM/DDR2_SDRAM/mpmc_c | MAXDELAY|     0.079ns|     0.521ns|       0|           0
  ore_0/gen_v5_ddr2_phy.mpmc_phy_if_0/u_phy |         |            |            |        |            
  _io_0/en_dqs<0>"         MAXDELAY = 0.6 n |         |            |            |        |            
  s                                         |         |            |            |        |            
------------------------------------------------------------------------------------------------------
  NET         "DDR2_SDRAM/DDR2_SDRAM/mpmc_c | MAXDELAY|     0.079ns|     0.521ns|       0|           0
  ore_0/gen_v5_ddr2_phy.mpmc_phy_if_0/u_phy |         |            |            |        |            
  _io_0/en_dqs<1>"         MAXDELAY = 0.6 n |         |            |            |        |            
  s                                         |         |            |            |        |            
------------------------------------------------------------------------------------------------------
  NET         "DDR2_SDRAM/DDR2_SDRAM/mpmc_c | MAXDELAY|     0.079ns|     0.521ns|       0|           0
  ore_0/gen_v5_ddr2_phy.mpmc_phy_if_0/u_phy |         |            |            |        |            
  _io_0/en_dqs<2>"         MAXDELAY = 0.6 n |         |            |            |        |            
  s                                         |         |            |            |        |            
------------------------------------------------------------------------------------------------------
  NET         "DDR2_SDRAM/DDR2_SDRAM/mpmc_c | MAXDELAY|     0.079ns|     0.521ns|       0|           0
  ore_0/gen_v5_ddr2_phy.mpmc_phy_if_0/u_phy |         |            |            |        |            
  _io_0/en_dqs<5>"         MAXDELAY = 0.6 n |         |            |            |        |            
  s                                         |         |            |            |        |            
------------------------------------------------------------------------------------------------------
  NET         "DDR2_SDRAM/DDR2_SDRAM/mpmc_c | MAXDELAY|     0.079ns|     0.521ns|       0|           0
  ore_0/gen_v5_ddr2_phy.mpmc_phy_if_0/u_phy |         |            |            |        |            
  _io_0/en_dqs<7>"         MAXDELAY = 0.6 n |         |            |            |        |            
  s                                         |         |            |            |        |            
------------------------------------------------------------------------------------------------------
  TS_clock_generator_0_clock_generator_0_PL | SETUP   |     0.136ns|     4.864ns|       0|           0
  L0_CLK_OUT_1_ = PERIOD TIMEGRP         "c | HOLD    |     0.449ns|            |       0|           0
  lock_generator_0_clock_generator_0_PLL0_C |         |            |            |        |            
  LK_OUT_1_" TS_sys_clk_pin /         2 PHA |         |            |            |        |            
  SE 1.25 ns HIGH 50%                       |         |            |            |        |            
------------------------------------------------------------------------------------------------------
  TS_clock_generator_0_clock_generator_0_PL | SETUP   |     0.141ns|     9.859ns|       0|           0
  L0_CLK_OUT_2_ = PERIOD TIMEGRP         "c | HOLD    |     0.002ns|            |       0|           0
  lock_generator_0_clock_generator_0_PLL0_C |         |            |            |        |            
  LK_OUT_2_" TS_sys_clk_pin         HIGH 50 |         |            |            |        |            
  %                                         |         |            |            |        |            
------------------------------------------------------------------------------------------------------
  TS_MC_RD_DATA_SEL = MAXDELAY FROM TIMEGRP | SETUP   |    14.238ns|     5.762ns|       0|           0
   "TNM_RD_DATA_SEL" TO TIMEGRP "FFS"       | HOLD    |     0.242ns|            |       0|           0
     TS_sys_clk_pin * 2                     |         |            |            |        |            
------------------------------------------------------------------------------------------------------
  TS_MC_GATE_DLY = MAXDELAY FROM TIMEGRP "T | SETUP   |    16.476ns|     3.524ns|       0|           0
  NM_GATE_DLY" TO TIMEGRP "FFS"         TS_ | HOLD    |     0.107ns|            |       0|           0
  sys_clk_pin * 2                           |         |            |            |        |            
------------------------------------------------------------------------------------------------------
  TS_MC_PHY_INIT_DATA_SEL_90 = MAXDELAY FRO | SETUP   |    16.490ns|     3.510ns|       0|           0
  M TIMEGRP "TNM_PHY_INIT_DATA_SEL" TO      | HOLD    |     0.595ns|            |       0|           0
      TIMEGRP "FFS" TS_sys_clk_pin * 2      |         |            |            |        |            
------------------------------------------------------------------------------------------------------
  TS_MC_RDEN_DLY = MAXDELAY FROM TIMEGRP "T | SETUP   |    17.652ns|     2.348ns|       0|           0
  NM_RDEN_DLY" TO TIMEGRP "FFS"         TS_ | HOLD    |     0.171ns|            |       0|           0
  sys_clk_pin * 2                           |         |            |            |        |            
------------------------------------------------------------------------------------------------------
  TS_MC_CAL_RDEN_DLY = MAXDELAY FROM TIMEGR | SETUP   |    18.112ns|     1.888ns|       0|           0
  P "TNM_CAL_RDEN_DLY" TO TIMEGRP "FFS"     | HOLD    |     0.050ns|            |       0|           0
       TS_sys_clk_pin * 2                   |         |            |            |        |            
------------------------------------------------------------------------------------------------------
  TS_sys_clk_pin = PERIOD TIMEGRP "sys_clk_ | N/A     |         N/A|         N/A|     N/A|         N/A
  pin" 10 ns HIGH 50%                       |         |            |            |        |            
------------------------------------------------------------------------------------------------------
  TS_MC_PHY_INIT_DATA_SEL_0 = MAXDELAY FROM | N/A     |         N/A|         N/A|     N/A|         N/A
   TIMEGRP "TNM_PHY_INIT_DATA_SEL" TO       |         |            |            |        |            
     TIMEGRP "FFS" TS_sys_clk_pin * 2       |         |            |            |        |            
------------------------------------------------------------------------------------------------------


Derived Constraint Report
Derived Constraints for TS_sys_clk_pin
+-------------------------------+-------------+-------------+-------------+-------------+-------------+-------------+-------------+
|                               |   Period    |       Actual Period       |      Timing Errors        |      Paths Analyzed       |
|           Constraint          | Requirement |-------------+-------------|-------------+-------------|-------------+-------------|
|                               |             |   Direct    | Derivative  |   Direct    | Derivative  |   Direct    | Derivative  |
+-------------------------------+-------------+-------------+-------------+-------------+-------------+-------------+-------------+
|TS_sys_clk_pin                 |     10.000ns|          N/A|      9.954ns|            0|            0|            0|       355463|
| TS_MC_RD_DATA_SEL             |     20.000ns|      5.762ns|          N/A|            0|            0|          384|            0|
| TS_MC_PHY_INIT_DATA_SEL_0     |     20.000ns|          N/A|          N/A|            0|            0|            0|            0|
| TS_MC_PHY_INIT_DATA_SEL_90    |     20.000ns|      3.510ns|          N/A|            0|            0|           34|            0|
| TS_MC_GATE_DLY                |     20.000ns|      3.524ns|          N/A|            0|            0|           40|            0|
| TS_MC_RDEN_DLY                |     20.000ns|      2.348ns|          N/A|            0|            0|            5|            0|
| TS_MC_CAL_RDEN_DLY            |     20.000ns|      1.888ns|          N/A|            0|            0|            5|            0|
| TS_clock_generator_0_clock_gen|      5.000ns|      4.977ns|          N/A|            0|            0|         6708|            0|
| erator_0_PLL0_CLK_OUT_0_      |             |             |             |             |             |             |             |
| TS_clock_generator_0_clock_gen|      5.000ns|      4.864ns|          N/A|            0|            0|          894|            0|
| erator_0_PLL0_CLK_OUT_1_      |             |             |             |             |             |             |             |
| TS_clock_generator_0_clock_gen|     10.000ns|      9.859ns|          N/A|            0|            0|       347393|            0|
| erator_0_PLL0_CLK_OUT_2_      |             |             |             |             |             |             |             |
+-------------------------------+-------------+-------------+-------------+-------------+-------------+-------------+-------------+

All constraints were met.
INFO:Timing:2761 - N/A entries in the Constraints list may indicate that the 
   constraint does not cover any paths or that it has no requested value.


Generating Pad Report.

All signals are completely routed.

Loading device for application Rf_Device from file '5vlx50t.nph' in environment g:\Xilinx\10.1\ISE;g:\Xilinx\10.1\EDK.
INFO:ParHelpers:197 - Number of "Exact" mode Directed Routing Constraints: 128
WARNING:ParHelpers:198 - One or more "EXACT" mode Directed Routing constrained net(s) were not successfully routed
   according to the constraint(s). The router attempted to route the net(s) without regard to the constraint. The number
   of nets found with Directed Routing Constraints: 128, number successfully routed using the constraints: 127, number
   failed: 1. The failed nets are listed below. Please use FPGA Editor to determine the cause of the failure.
	Net DDR2_SDRAM/DDR2_SDRAM/mpmc_core_0/gen_v5_ddr2_phy.mpmc_phy_if_0/u_phy_io_0/gen_dq[54].u_iob_dq/stg1_out_rise_0s
Total REAL time to PAR completion: 3 mins 50 secs 
Total CPU time to PAR completion: 3 mins 25 secs 

Peak Memory Usage:  545 MB

Placer: Placement generated during map.
Routing: Completed - No errors found.
Timing: Completed - No errors found.

Number of error messages: 0
Number of warning messages: 1
Number of info messages: 4

Writing design to file system.ncd



PAR done!



#----------------------------------------------#
# Starting program post_par_trce
# trce -e 3 -xml system.twx system.ncd system.pcf 
#----------------------------------------------#
Release 10.1.03 - Trace  (nt)
Copyright (c) 1995-2008 Xilinx, Inc.  All rights reserved.


PMSPEC -- Overriding Xilinx file <g:/Xilinx/10.1/EDK/virtex5/data/virtex5.acd>
with local file <g:/Xilinx/10.1/ISE/virtex5/data/virtex5.acd>
Loading device for application Rf_Device from file '5vlx110t.nph' in environment
g:\Xilinx\10.1\ISE;g:\Xilinx\10.1\EDK.
   "system" is an NCD, version 3.2, device xc5vlx110t, package ff1136, speed -1
INFO:Timing:3377 - Intersecting Constraints found and resolved.  For more
   information see the TSI report.
--------------------------------------------------------------------------------
Release 10.1.03 Trace  (nt)
Copyright (c) 1995-2008 Xilinx, Inc.  All rights reserved.

trce -e 3 -xml system.twx system.ncd system.pcf


Design file:              system.ncd
Physical constraint file: system.pcf
Device,speed:             xc5vlx110t,-1 (PRODUCTION 1.62 2008-08-19, STEPPING
level 0)
Report level:             error report
--------------------------------------------------------------------------------

INFO:Timing:2752 - To get complete path coverage, use the unconstrained paths
   option. All paths that are not constrained will be reported in the
   unconstrained paths section(s) of the report.
INFO:Timing:3339 - The clock-to-out numbers in this timing report are based on a
   50 Ohm transmission line loading model.  For the details of this model, and
   for more information on accounting for different loading conditions, please
   see the device datasheet.


Timing summary:
---------------

Timing errors: 0  Score: 0

Constraints cover 355591 paths, 16 nets, and 32809 connections

Design statistics:
   Minimum period:   9.859ns (Maximum frequency: 101.430MHz)
   Maximum path delay from/to any node:   5.762ns
   Maximum net delay:   0.838ns


Analysis completed Tue Dec 02 16:27:20 2008
--------------------------------------------------------------------------------

Generating Report ...

Number of warnings: 0
Number of info messages: 3
Total time: 1 mins 2 secs 


