
bitinit version Xilinx EDK 7.1.2 Build EDK_H.12.5.1
Copyright (c) Xilinx Inc. 2002.

Parsing MHS File system.mhs...
Sourcing tcl file
C:/EDK/hw/XilinxProcessorIPLib/pcores/ppc405_v2_00_c/data/ppc405_v2_1_0.tcl ...
Sourcing tcl file
C:/EDK/hw/XilinxProcessorIPLib/pcores/jtagppc_cntlr_v2_00_a/data/jtagppc_cntlr_v
2_1_0.tcl ...
Sourcing tcl file
C:/EDK/hw/XilinxProcessorIPLib/pcores/isocm_v10_v2_00_a/data/isocm_v10_v2_1_0.tc
l ...
Sourcing tcl file
C:/EDK/hw/XilinxProcessorIPLib/pcores/isbram_if_cntlr_v3_00_a/data/isbram_if_cnt
lr_v2_1_0.tcl ...
Sourcing tcl file
C:/EDK/hw/XilinxProcessorIPLib/pcores/plb_v34_v1_02_a/data/plb_v34_v2_1_0.tcl
...
Sourcing tcl file
C:/EDK/hw/XilinxProcessorIPLib/pcores/plb2opb_bridge_v1_01_a/data/plb2opb_bridge
_v2_1_0.tcl ...
Sourcing tcl file
C:/EDK/hw/XilinxProcessorIPLib/pcores/plb_ddr_v1_11_a/data/plb_ddr_v2_1_0.tcl
...

Overriding IP level properties ...
jtagppc_cntlr (jtagppc_0) -
C:\EDK\hw\XilinxProcessorIPLib\pcores\jtagppc_cntlr_v2_00_a\data\jtagppc_cntlr_v
2_1_0.mpd:33 - tool overriding c_device value X2VP4 to 
bram_block (isocm_bram) -
C:\EDK\hw\XilinxProcessorIPLib\pcores\bram_block_v1_00_a\data\bram_block_v2_1_0.
mpd:39 - tool overriding c_family value virtex2 to 
plb2opb_bridge (plb2opb) -
C:\EDK\hw\XilinxProcessorIPLib\pcores\plb2opb_bridge_v1_01_a\data\plb2opb_bridge
_v2_1_0.mpd:36 - tool overriding c_family value virtex2p to 
plb_ddr (ddr_512mb_64mx64_rank2_row13_col10_cl2_5) -
C:\EDK\hw\XilinxProcessorIPLib\pcores\plb_ddr_v1_11_a\data\plb_ddr_v2_1_0.mpd:42
- tool overriding c_family value virtex2 to 
dcm_module (dcm_0) -
C:\EDK\hw\XilinxProcessorIPLib\pcores\dcm_module_v1_00_a\data\dcm_module_v2_1_0.
mpd:56 - tool overriding c_family value virtex2 to 
dcm_module (dcm_1) -
C:\EDK\hw\XilinxProcessorIPLib\pcores\dcm_module_v1_00_a\data\dcm_module_v2_1_0.
mpd:56 - tool overriding c_family value virtex2 to 
accel_sort_plb (accel_sort_plb_0) -
F:\fpga\proj\DesignContest08_vjs_64bit_blk4\pcores\accel_sort_plb_v1_00_a\data\a
ccel_sort_plb_v2_1_0.mpd:35 - tool overriding c_family value virtex2p to 

Performing IP level DRCs on properties...

Running DRC Tcl procedures for OPTION IPLEVEL_DRC_PROC...
Sourcing tcl file
C:/EDK/hw/XilinxProcessorIPLib/pcores/ddr_v1_11_a/data/ddr_v2_1_0.tcl ...
Address Map for Processor ppc405_0
  (0x00000000-0x0fffffff) DDR_512MB_64Mx64_rank2_row13_col10_cl2_5	plb
  (0x10000000-0x1fffffff) DDR_512MB_64Mx64_rank2_row13_col10_cl2_5	plb
  (0x40600000-0x4060ffff) RS232_Uart_1	plb->plb2opb->opb
  (0xcc800000-0xcc80ffff) accel_sort_plb_0	plb
  (0xfffff000-0xffffffff) iocm_cntlr	iocm
Address Map for Processor ppc405_1

Initializing Memory...
Checking ELFs associated with PPC405 instance ppc405_0 for overlap...


Analyzing file bootloops/ppc405_0.elf...
INFO:MDT - BRAM isocm_bram will be initialized with ELF of processor ppc405_0
Running Data2Mem with the following command:
data2mem -bm implementation/system_bd -bt implementation/system.bit  -bd
bootloops/ppc405_0.elf tag isocm_bram  -o b implementation/download.bit 
Memory Initialization completed successfully.

