#! /usr/local/bin/vvp
:vpi_time_precision + 0;
:vpi_module "system";
S_0xbb6370 .scope module, "enable_reg2" "enable_reg2";
 .timescale 0;
V_$0xbb8518 .net "clk", 0, 0, C<z>;
V_$0xbc8550 .net "din", 31, 0, C<z>, C<z>, C<z>, C<z>, C<z>, C<z>, C<z>, C<z>, C<z>, C<z>, C<z>, C<z>, C<z>, C<z>, C<z>, C<z>, C<z>, C<z>, C<z>, C<z>, C<z>, C<z>, C<z>, C<z>, C<z>, C<z>, C<z>, C<z>, C<z>, C<z>, C<z>, C<z>;
V_$0xbc8ce0 .net "en", 0, 0, C<z>;
V_$0xbc8d48 .var "q", 31, 0;
V_$0xbc9510 .net "rst", 0, 0, C<z>;
E_0xbb6350 .event posedge, C<z>;
    .scope S_0xbb6370;
T_0 ;
    %wait E_0xbb6350;
    %load  8, V_$0xbc9510[0];
    %jmp/0xz  T_0.0, 8;
    %ix/load 0, 32;
    %assign/v0 V_$0xbc8d48[0], 0, 0;
    %jmp T_0.1;
T_0.0 ;
    %load  8, V_$0xbc8ce0[0];
    %jmp/0xz  T_0.2, 8;
    %load  8, V_$0xbc8550[0];
    %load  9, V_$0xbc8550[1];
    %load  10, V_$0xbc8550[2];
    %load  11, V_$0xbc8550[3];
    %load  12, V_$0xbc8550[4];
    %load  13, V_$0xbc8550[5];
    %load  14, V_$0xbc8550[6];
    %load  15, V_$0xbc8550[7];
    %load  16, V_$0xbc8550[8];
    %load  17, V_$0xbc8550[9];
    %load  18, V_$0xbc8550[10];
    %load  19, V_$0xbc8550[11];
    %load  20, V_$0xbc8550[12];
    %load  21, V_$0xbc8550[13];
    %load  22, V_$0xbc8550[14];
    %load  23, V_$0xbc8550[15];
    %load  24, V_$0xbc8550[16];
    %load  25, V_$0xbc8550[17];
    %load  26, V_$0xbc8550[18];
    %load  27, V_$0xbc8550[19];
    %load  28, V_$0xbc8550[20];
    %load  29, V_$0xbc8550[21];
    %load  30, V_$0xbc8550[22];
    %load  31, V_$0xbc8550[23];
    %load  32, V_$0xbc8550[24];
    %load  33, V_$0xbc8550[25];
    %load  34, V_$0xbc8550[26];
    %load  35, V_$0xbc8550[27];
    %load  36, V_$0xbc8550[28];
    %load  37, V_$0xbc8550[29];
    %load  38, V_$0xbc8550[30];
    %load  39, V_$0xbc8550[31];
    %ix/load 0, 32;
    %assign/v0 V_$0xbc8d48[0], 0, 8;
T_0.2 ;
T_0.1 ;
    %jmp T_0;
    .thread T_0;
