 command line:
   c:\work\app\tb.exe
     -tclbatch  run.tcl
Release 9.1.03i - ISE Simulator Engine J.33
Copyright (c) 1995-2007 Xilinx, Inc.  All rights reserved.

Thu Jun 19 12:02:36 2008

Total Line Count : 234

 Elaboration time : 0.03125 sec.

 Estimate current memory usage : 113.836 Meg. 

 Total Signals          : 40
 Total Nets             : 171
 Total Signal Drivers   : 18
 Total Blocks           : 3
 Total Primitive Blocks : 2
 Total Processes        : 18
 Total Traceable Variables  : 76
 Total Scalar Nets and Variables : 1686
run all 
Simulator is doing circuit initialization process.
Finished circuit initialization process.
