iMPACT Version: H.40
iMPACT log file started on 2005/04/01 12:41:55
// *** BATCH CMD : setPreference -pref UserLevel:NOVICE
// *** BATCH CMD : setPreference -pref MessageLevel:DETAILED
// *** BATCH CMD : setPreference -pref ConcurrentMode:FALSE
// *** BATCH CMD : setPreference -pref UseHighz:FALSE
// *** BATCH CMD : setPreference -pref ConfigOnFailure:STOP
// *** BATCH CMD : setPreference -pref StartupCLock:AUTO_CORRECTION
// *** BATCH CMD : setPreference -pref AutoSignature:FALSE
// *** BATCH CMD : setPreference -pref KeepSVF:FALSE
// *** BATCH CMD : setPreference -pref svfUseTime:FALSE
// *** BATCH CMD : setPreference -pref UserLevel:NOVICE
// *** BATCH CMD : setPreference -pref MessageLevel:DETAILED
// *** BATCH CMD : setPreference -pref ConcurrentMode:FALSE
// *** BATCH CMD : setPreference -pref UseHighz:FALSE
// *** BATCH CMD : setPreference -pref ConfigOnFailure:STOP
// *** BATCH CMD : setPreference -pref StartupCLock:AUTO_CORRECTION
// *** BATCH CMD : setPreference -pref AutoSignature:FALSE
// *** BATCH CMD : setPreference -pref KeepSVF:FALSE
// *** BATCH CMD : setPreference -pref svfUseTime:FALSE
// *** BATCH CMD : setMode -bs
Loading cdf file f:\fpga\proj\hfifo/hfifo.ipf...
// *** BATCH CMD : setPreference -pref UserLevel:Novice
// *** BATCH CMD : setMode -pff
// *** BATCH CMD : setMode -mpm
// *** BATCH CMD : setMode -cf
// *** BATCH CMD : setMode -dtconfig
// *** BATCH CMD : setMode -bsfile
// *** BATCH CMD : setMode -sm
// *** BATCH CMD : setMode -ss
// *** BATCH CMD : setMode -bs
// *** BATCH CMD : addDevice -position 1 -part "xcf32p"
INFO:iMPACT:1777 - 
Reading C:/Xilinx/xcfp/data/xcf32p.bsd...
Reading C:/Xilinx/xcfp/data/xcf32p.bsd...
INFO:iMPACT:501 - '1': Added Device xcf32p successfully.
----------------------------------------------------------------------
----------------------------------------------------------------------
INFO:iMPACT:1835 - Loading CFI file BYPASS.cfi
CFI file not found, proceed with device default setting.
// *** BATCH CMD : addDevice -position 2 -part "xccace"
INFO:iMPACT:1777 - 
Reading C:/Xilinx/acecf/data/xccace.bsd...
Reading C:/Xilinx/acecf/data/xccace.bsd...
INFO:iMPACT:501 - '2': Added Device xccace successfully.
----------------------------------------------------------------------
----------------------------------------------------------------------
// *** BATCH CMD : addDevice -position 3 -file "F:\fpga\proj\hfifo\hfifo_stim.bit"
'3': Loading file 'F:\fpga\proj\hfifo\hfifo_stim.bit' ...
done.
INFO:iMPACT:1777 - 
Reading C:/Xilinx/virtex2p/data/xc2vp30.bsd...
Reading C:/Xilinx/virtex2p/data/xc2vp30.bsd...
WARNING:iMPACT:2257 - Startup Clock has been changed to 'JtagClk' in the bitstream stored in memory,
but the original bitstream file remains unchanged.
but the original bitstream file remains unchanged.
INFO:iMPACT:501 - '3': Added Device xc2vp30 successfully.
----------------------------------------------------------------------
----------------------------------------------------------------------
// *** BATCH CMD : 
// *** BATCH CMD : setCable -port usb21 -baud 6000000
Connecting to cable (Usb Port - USB21).
Checking cable driver.
 Driver xusbdfwu.sys version: 1018 (1018).
 Driver windrvr6.sys version = 6.2.2.2. Max current requested during enumeration is 280 mA.
 Cable Type = 3, Revision = 0.
 Setting cable speed to 6 MHz.
Cable connection established.
Firmware version = 1018.
CPLD file version = 0006h.
CPLD version = 0006h.
// *** BATCH CMD : setMode -bs
Finish loading cdf file f:\fpga\proj\hfifo/hfifo.ipf.
// *** BATCH CMD : setMode -bs
// *** BATCH CMD : setMode -ss
// *** BATCH CMD : setMode -sm
// *** BATCH CMD : setMode -bsfile
// *** BATCH CMD : setMode -dtconfig
// *** BATCH CMD : setMode -cf
GUI --- Read System ACE CF Mode...
// *** BATCH CMD : setMode -mpm
GUI --- Read System ACE MPM Mode...
// *** BATCH CMD : setMode -pff
GUI --- Read PROM Formatter Mode...
// *** BATCH CMD : setMode -bs
// *** BATCH CMD : Program -p 3 
PROGRESS_START - Starting Operation.
Validating chain...
Boundary-scan chain validated successfully.
'3':Programming  device...
'3': Reading status register contents...
CRC error                                         :         0
Decryptor security set                            :         0
DCM locked                                        :         1
DCI matched                                       :         1
legacy input error                                :         0
status of GTS_CFG_B                               :         1
status of GWE                                     :         1
status of GHIGH                                   :         1
value of MODE pin M0                              :         1
value of MODE pin M1                              :         0
value of MODE pin M2                              :         1
value of CFG_RDY (INIT_B)                         :         1
DONEIN input from DONE pin                        :         1
IDCODE not validated while trying to write FDRI   :         0
write FDRI issued before or after decrypt operation:         0
Decryptor keys not used in proper sequence        :         0
INFO:iMPACT:2219 - Status register values:
INFO:iMPACT - 0011 0111 1011 1000 0000 0000 0000 0000 
done.
INFO:iMPACT:579 - '3': Completed downloading bit file to device.
INFO:iMPACT:580 - '3':Checking done pin ....done.
'3': Programmed successfully.
PROGRESS_END - End Operation.
Elapsed time =      4 sec.
*****   Closing iMPACT program.   *****
----------------------------------------------------------------------
----------------------------------------------------------------------
----------------------------------------------------------------------
----------------------------------------------------------------------
